--------------------Print Solution Start-------------------------------
Value_in: 
0x89520d63 
0x81dd4a10 
0xfd153620 
0x5f643139 
0x87f72cf8 
0x226e3ce7 
0x6dd82fcb 
0xc42eee67 
0x683125fd 
0xbd69af3d 
0x859690da 
0x84a2196b 
------
-------------------------Print Done :)--------------------------------
##############################################
A0: 
0xffffffff 
0x00000000 
0x00000000 
0x00000000 
0x00000000 
0x00000000 
0x00000000 
0x00000000 
0x00000000 
0x00000000 
0x00000000 
0x00000000 
------
##############################################
input Value_in state at round 0: 
0x89520d63 
0x81dd4a10 
0xfd153620 
0x5f643139 
0x87f72cf8 
0x226e3ce7 
0x6dd82fcb 
0xc42eee67 
0x683125fd 
0xbd69af3d 
0x859690da 
0x84a2196b 
------
##############################################
input Value_out  state at round 0: 
0x76adf29c 
0x81dd4a10 
0xfd153620 
0x5f643139 
0x87f72cf8 
0x226e3ce7 
0x6dd82fcb 
0xc42eee67 
0x683125fd 
0xbd69af3d 
0x859690da 
0x84a2196b 
------
start round function
##############################################
D0: 
0xffffffff 
0x00000000 
0x00000000 
0x00000000 
0x00000000 
0x00000000 
0x00000000 
0x00000000 
0x00000000 
0x00000000 
0x00000000 
0x00000000 
------
##############################################
Value_in0^S: 
0xb963289e 
0x0d4ec0f4 
0x02e0826c 
0xfe4abf46 
0x00000000 
0x1c71f62e 
0x6ddb370e 
0x9a630ea4 
0xffffffff 
0xd1b7d129 
0xd44c0a61 
0x6721621c 
------
##############################################
Value_out0^S: 
0x469cd761 
0x0d4ec0f4 
0x02e0826c 
0xfe4abf46 
0x00000000 
0x1c71f62e 
0x6ddb370e 
0x9a630ea4 
0xffffffff 
0xd1b7d129 
0xd44c0a61 
0x6721621c 
------
##############################################
A1: 
0xffffffff 
0x00000000 
0x00000000 
0x00000000 
0x00000000 
0x00000000 
0x00000000 
0x00000000 
0x00000000 
0x00000000 
0x00000000 
0x00000000 
------
##############################################
Value_in1: 
0xb963289e 
0x0d4ec0f4 
0x02e0826c 
0xfe4abf46 
0x00000000 
0x38e2ec5d 
0xdab66f1c 
0x35c71c48 
0x61d44c0a 
0x1c672162 
0xffffffff 
0x29d1b7d1 
------
##############################################
Value_out1: 
0x469cd761 
0x0d4ec0f4 
0x02e0826c 
0xfe4abf46 
0x00000000 
0x38e2ec5d 
0xdab66f1c 
0x35c71c48 
0x61d44c0a 
0x1c672162 
0xffffffff 
0x29d1b7d1 
------
##############################################
D1: 
0xffffffff 
0x00000000 
0x00000000 
0x00000000 
0x00000000 
0x00000000 
0x00000000 
0x00000000 
0x00000000 
0x00000000 
0x00000000 
0x00000000 
------
##############################################
Value_in1^S: 
0xe0b76494 
0x0604e85d 
0xbcf4b17c 
0x06c9035e 
0x00000000 
0x9a2b93a5 
0xabec3de4 
0x22a81f09 
0xffffffff 
0x8295dbad 
0x67274ce7 
0xedc4ac59 
------
##############################################
Value_out1^S: 
0x1f489b6b 
0x0604e85d 
0xbcf4b17c 
0x06c9035e 
0x00000000 
0x9a2b93a5 
0xabec3de4 
0x22a81f09 
0xffffffff 
0x8295dbad 
0x67274ce7 
0xedc4ac59 
------
##############################################
A2: 
0xffffffff 
0x00000000 
0x00000000 
0x00000000 
0x00000000 
0x00000000 
0x00000000 
0x00000000 
0x00000000 
0x00000000 
0x00000000 
0x00000000 
------
##############################################
Value_in2: 
0xe0b76494 
0x0604e85d 
0xbcf4b17c 
0x06c9035e 
0x00000000 
0x3557264b 
0x57d97bc8 
0x44503f12 
0xe767274c 
0x59edc4ac 
0xffffffff 
0xad8295db 
------
##############################################
Value_out2: 
0x1f489b6b 
0x0604e85d 
0xbcf4b17c 
0x06c9035e 
0x00000000 
0x3557264b 
0x57d97bc8 
0x44503f12 
0xe767274c 
0x59edc4ac 
0xffffffff 
0xad8295db 
------
##############################################
D2: 
0xffffffff 
0x00000000 
0x00000000 
0x00000000 
0x00000000 
0x00000000 
0x00000000 
0x00000000 
0x00000000 
0x00000000 
0x00000000 
0x00000000 
------
##############################################
Value_in2^S: 
0xc7d343d8 
0x68f096e9 
0x68c7dc92 
0x0fdd3d1c 
0x00000000 
0x70f8dab2 
0xbe2641b5 
0x802b9e2e 
0xffffffff 
0x959a95ea 
0x1f70e0b1 
0xcd6c1574 
------
##############################################
Value_out2^S: 
0x382cbc27 
0x68f096e9 
0x68c7dc92 
0x0fdd3d1c 
0x00000000 
0x70f8dab2 
0xbe2641b5 
0x802b9e2e 
0xffffffff 
0x959a95ea 
0x1f70e0b1 
0xcd6c1574 
------
Find right pair!
