c Treengeling Cube and Conquer SAT Solver
c 
c Version 1.0.0 89a167d0d2efe98d983c87b5b84175b40ea55842
c 
c Copyright (C) 2010-2016 Armin Biere JKU Linz Austria.
c All rights reserved.
c 
c released Tue May  7 15:58:37 CST 2024
c compiled Tue May  7 15:58:37 CST 2024
c 
c x86_64-conda-linux-gnu-cc (conda-forge gcc 13.2.0-6) 13.2.0
c -W -Wall -O3 -DNLGLOG -DNDEBUG -DNCHKSOL -DNLGLDRUPLIG -DNLGLYALSAT
c -DNLGLFILES -DNLGLDEMA
c Linux node04 3.10.0-1160.108.1.el7.x86_64 x86_64
c 
c verbose level 0
c will NOT print statistics for each solver instance
c will print satisfying assignment
c 
c splitting small nodes first (no '-b' option)
c asymmetric splitting ('--asymmetric')
c portfolio option fuzzing disabled (no '--portfolio' option)
c full search/simplification round interval 10
c tree-based look-ahead up to depth 10
c relevance based look-ahead starts at depth 11
c no randomization in lookahead
c 
c 'sysconf' reports 52 processors online
c found 26 unique core ids in '/proc/cpuinfo'
c found 2 unique physical ids in '/proc/cpuinfo'
c 52 cores = 26 core times 2 physical ids in '/proc/cpuinfo'
c 'sysconf' and '/proc/cpuinfo' results match
c assuming cores = number of processors reported by 'sysconf' = 52
c maximum 10 workers as specified ('-t 10')
c using one worker for additional parallel solver instance
c maximum of 72 active nodes (no '-a <nodes>' option)
c default ratio of split nodes is 50%
c 
c 131494516 KB total memory according to '/proc/meminfo'
c hard memory limit of 128412 MB (no '-g' nor '-m' option)
c soft memory limit of 42804 MB
c 
c default minimum conflict limit of 1000 conflicts
c default initial conflict limit of 10000 conflicts
c default maximum conflict limit of 100000 conflicts
c 
c default optimization level 10
c 
c initializing root solver instance
c reading /home/user/lhn/xoodoo_collision/rightpair_search/cons/2round_w128.cnf
c found 'p cnf 3841 30592' header
c parsed 139136 literals in 30592 clauses in 0.04 seconds
c cloning and starting first additional parallel solver instance
c simplifying root solver instance with optimization level 10
c root solver instance optimization with result 0 took 0.60 seconds
c forking root solver instance
c cloning and starting second additional parallel solver instance
c [0 1] 0.7 sec, 1 MB, 1 nodes +1 -0 s0, vars[352..352..352]
c  0 searching 1 out of 1 nodes 100% limit 1000 forced
c  0 average actual conflicts 1000 median 1000
c  1 simplify  1 out of 1 nodes 100%
c  1 lookahead 1 out of 1 nodes 100% on nodes [0..0]
c  1 splitting 1 out of 1 nodes 100%
c (1 2) 0.9 sec, 2 MB, 2 nodes +2 -0 s0, vars[351..351..351]
c  1 searching 2 out of 2 nodes 100% limit 1000 forced
c  1 average actual conflicts 1000 median 1001
c  2 simplify  2 out of 2 nodes 100%
c  2 lookahead 2 out of 2 nodes 100% on nodes [0..1]
c  2 splitting 2 out of 2 nodes 100%
c (2 4) 1.1 sec, 3 MB, 4 nodes +2 -0 s0, vars[339..341..341]
c  2 searching 4 out of 4 nodes 100% limit 1000 forced
c  2 average actual conflicts 1001 median 1001
c  3 simplify  4 out of 4 nodes 100%
c  3 lookahead 4 out of 4 nodes 100% on nodes [0..3]
c  3 splitting 4 out of 4 nodes 100%
c (3 8) 1.3 sec, 4 MB, 8 nodes +4 -0 s0, vars[282..302..302]
c  3 searching 8 out of 8 nodes 100% limit 1000 forced
c  3 average actual conflicts 1000 median 1000
c  4 simplify  8 out of 8 nodes 100%
c  4 lookahead 8 out of 8 nodes 100% on nodes [0..7]
c  4 splitting 8 out of 8 nodes 100%
c (4 16) 1.5 sec, 8 MB, 16 nodes +8 -0 s0, vars[268..287..287]
c  4 searching 16 out of 16 nodes 100% limit 1000 forced
c  4 average actual conflicts 1000 median 1001
c  5 simplify  16 out of 16 nodes 100%
c  5 lookahead 16 out of 16 nodes 100% on nodes [0..15]
c  5 splitting 16 out of 16 nodes 100%
c (5 32) 2.0 sec, 9 MB, 32 nodes +16 -0 s0, vars[264..271..271]
c  5 searching 32 out of 32 nodes 100% limit 1000 forced
c  5 average actual conflicts 1000 median 1001
c  6 simplify  32 out of 32 nodes 100%
c  6 lookahead 32 out of 32 nodes 100% on nodes [0..31]
c  6 splitting 32 out of 32 nodes 100%
c (6 64) 2.7 sec, 22 MB, 64 nodes +32 -0 s0, vars[258..264..264]
c  6 searching 64 out of 64 nodes 100% limit 1000 forced
c  6 average actual conflicts 1000 median 1001
c  7 simplify  64 out of 64 nodes 100%
c  7 lookahead 32 out of 64 nodes 50% on nodes [32..63]
c  7 splitting 32 out of 64 nodes 50%
c (7 96) 3.6 sec, 29 MB, 96 nodes +32 -0 s0, vars[254..258..260]
c  7 searching 72 out of 96 nodes 75% limit 10000
c  7 average actual conflicts 10000 median 10000
c  8 simplify  72 out of 96 nodes 75%
c  8 lookahead 36 out of 96 nodes 38% on nodes [36..71]
c  8 splitting 36 out of 96 nodes 38%
c (8 132) 7.7 sec, 43 MB, 132 nodes +36 -0 s0, vars[252..255..260]
c  8 searching 72 out of 132 nodes 55% limit 5000
c  8 average actual conflicts 5000 median 5000
c  9 simplify  72 out of 132 nodes 55%
c  9 lookahead 36 out of 132 nodes 27% on nodes [36..71]
c  9 splitting 36 out of 132 nodes 27%
c (9 168) 10.3 sec, 58 MB, 168 nodes +36 -0 s0, vars[248..252..260]
c  9 searching 72 out of 168 nodes 43% limit 2500
c  9 average actual conflicts 2500 median 2501
c  10 simplify  168 out of 168 nodes 100%
c  10 lookahead 36 out of 168 nodes 21% on nodes [36..71]
c  10 splitting 36 out of 168 nodes 21%
c [10 204] 13.2 sec, 69 MB, 204 nodes +36 -0 s0, vars[245..248..256]
c  10 searching 144 out of 204 nodes 71% limit 1250
c  10 average actual conflicts 1250 median 1250
c  11 simplify  72 out of 204 nodes 35%
c  11 lookahead 36 out of 204 nodes 18% on nodes [36..71]
c  11 splitting 36 out of 204 nodes 18%
c (11 240) 15.0 sec, 84 MB, 240 nodes +36 -0 s0, vars[242..245..256]
c  11 searching 72 out of 240 nodes 30% limit 1000
c  11 average actual conflicts 1000 median 1000
c  12 simplify  72 out of 240 nodes 30%
c  12 lookahead 36 out of 240 nodes 15% on nodes [36..71]
c  12 splitting 36 out of 240 nodes 15%
c (12 276) 16.1 sec, 99 MB, 276 nodes +36 -0 s0, vars[237..242..256]
c  12 searching 72 out of 276 nodes 26% limit 1000
c  12 average actual conflicts 1000 median 1001
c  13 simplify  72 out of 276 nodes 26%
c  13 lookahead 36 out of 276 nodes 13% on nodes [36..71]
c  13 splitting 36 out of 276 nodes 13%
c (13 312) 17.0 sec, 111 MB, 312 nodes +36 -0 s0, vars[236..238..256]
c  13 searching 72 out of 312 nodes 23% limit 1000
c  13 average actual conflicts 1000 median 1000
c  14 simplify  72 out of 312 nodes 23%
c  14 lookahead 36 out of 312 nodes 12% on nodes [36..71]
c  14 splitting 36 out of 312 nodes 12%
c (14 348) 18.1 sec, 124 MB, 348 nodes +36 -0 s0, vars[229..236..256]
c  14 searching 72 out of 348 nodes 21% limit 1000
c  14 average actual conflicts 1000 median 1001
c  15 simplify  72 out of 348 nodes 21%
c  15 lookahead 36 out of 348 nodes 10% on nodes [36..71]
c  15 splitting 36 out of 348 nodes 10%
c (15 384) 19.0 sec, 135 MB, 384 nodes +36 -0 s0, vars[228..232..256]
c  15 searching 72 out of 384 nodes 19% limit 1000
c  15 average actual conflicts 1000 median 1001
c  16 simplify  72 out of 384 nodes 19%
c  16 lookahead 36 out of 384 nodes 9% on nodes [36..71]
c  16 splitting 36 out of 384 nodes 9%
c (16 420) 20.0 sec, 147 MB, 420 nodes +36 -0 s0, vars[224..228..256]
c  16 searching 72 out of 420 nodes 17% limit 1000
c  16 average actual conflicts 1000 median 1001
c  17 simplify  72 out of 420 nodes 17%
c  17 lookahead 36 out of 420 nodes 9% on nodes [36..71]
c  17 splitting 36 out of 420 nodes 9%
c (17 456) 20.9 sec, 158 MB, 456 nodes +36 -0 s0, vars[220..226..256]
c  17 searching 72 out of 456 nodes 16% limit 1000
c  17 average actual conflicts 1000 median 1000
c  18 simplify  72 out of 456 nodes 16%
c  18 lookahead 36 out of 456 nodes 8% on nodes [36..71]
c  18 splitting 36 out of 456 nodes 8%
c (18 492) 21.8 sec, 172 MB, 492 nodes +36 -0 s0, vars[218..222..256]
c  18 searching 72 out of 492 nodes 15% limit 1000
c  18 average actual conflicts 1000 median 1000
c  19 simplify  72 out of 492 nodes 15%
c  19 lookahead 36 out of 492 nodes 7% on nodes [36..71]
c  19 splitting 36 out of 492 nodes 7%
c (19 528) 22.7 sec, 183 MB, 528 nodes +36 -0 s0, vars[213..219..256]
c  19 searching 72 out of 528 nodes 14% limit 1000
c  19 average actual conflicts 1000 median 1001
c  20 simplify  288 out of 528 nodes 55%
c  20 lookahead 36 out of 528 nodes 7% on nodes [36..71]
c  20 splitting 36 out of 528 nodes 7%
c [20 564] 24.9 sec, 184 MB, 564 nodes +36 -0 s0, vars[208..214..256]
c  20 searching 144 out of 564 nodes 26% limit 1000
c  20 average actual conflicts 1000 median 1000
c  21 simplify  72 out of 564 nodes 13%
c  21 lookahead 36 out of 564 nodes 6% on nodes [36..71]
c  21 splitting 36 out of 564 nodes 6%
c (21 600) 26.1 sec, 201 MB, 600 nodes +36 -0 s0, vars[203..210..256]
c  21 searching 72 out of 600 nodes 12% limit 1000
c  21 average actual conflicts 1000 median 1001
c  22 simplify  72 out of 600 nodes 12%
c  22 lookahead 36 out of 600 nodes 6% on nodes [36..71]
c  22 splitting 36 out of 600 nodes 6%
c (22 636) 26.9 sec, 210 MB, 636 nodes +36 -0 s0, vars[196..206..256]
c  22 searching 72 out of 636 nodes 11% limit 1000
c  22 average actual conflicts 1000 median 1000
c  23 simplify  72 out of 636 nodes 11%
c  23 lookahead 36 out of 636 nodes 6% on nodes [36..71]
c  23 splitting 36 out of 636 nodes 6%
c (23 672) 27.7 sec, 222 MB, 672 nodes +36 -0 s0, vars[191..201..256]
c  23 searching 72 out of 672 nodes 11% limit 1000
c  23 average actual conflicts 1000 median 1001
c  24 simplify  72 out of 672 nodes 11%
c  24 lookahead 36 out of 672 nodes 5% on nodes [36..71]
c  24 splitting 36 out of 672 nodes 5%
c (24 708) 28.6 sec, 231 MB, 708 nodes +36 -0 s0, vars[187..196..256]
c  24 searching 72 out of 708 nodes 10% limit 1000
c  24 average actual conflicts 1000 median 1001
c  25 simplify  72 out of 708 nodes 10%
c  25 lookahead 36 out of 708 nodes 5% on nodes [36..71]
c  25 splitting 36 out of 708 nodes 5%
c (25 744) 29.4 sec, 243 MB, 744 nodes +36 -0 s0, vars[178..189..256]
c  25 searching 72 out of 744 nodes 10% limit 1000
c  25 average actual conflicts 943 median 1001
c  26 simplify  72 out of 734 nodes 10%
c  26 lookahead 36 out of 734 nodes 5% on nodes [36..71]
c  26 splitting 36 out of 734 nodes 5%
c (26 780) 30.1 sec, 249 MB, 770 nodes +36 -10 s0, vars[99..184..256]
c  26 searching 72 out of 770 nodes 9% limit 1000
c  26 average actual conflicts 860 median 1000
c  27 simplify  72 out of 750 nodes 10%
c  27 lookahead 36 out of 750 nodes 5% on nodes [36..71]
c  27 splitting 36 out of 750 nodes 5%
c (27 816) 30.9 sec, 255 MB, 786 nodes +36 -20 s0, vars[144..178..256]
c  27 searching 72 out of 786 nodes 9% limit 1000
c  27 average actual conflicts 705 median 793
c  28 simplify  72 out of 743 nodes 10%
c  28 lookahead 36 out of 743 nodes 5% on nodes [36..71]
c  28 splitting 36 out of 743 nodes 5%
c (28 852) 31.5 sec, 251 MB, 779 nodes +36 -43 s0, vars[147..173..256]
c  28 searching 72 out of 779 nodes 9% limit 1586
c  28 average actual conflicts 1056 median 1143
c  29 simplify  72 out of 739 nodes 10%
c  29 lookahead 36 out of 739 nodes 5% on nodes [36..71]
c  29 splitting 36 out of 739 nodes 5%
c (29 888) 32.2 sec, 248 MB, 775 nodes +36 -40 s0, vars[125..171..256]
c  29 searching 72 out of 775 nodes 9% limit 2286
c  29 average actual conflicts 1130 median 904
c  30 simplify  288 out of 718 nodes 40%
c  30 lookahead 36 out of 718 nodes 5% on nodes [36..71]
c  30 splitting 36 out of 718 nodes 5%
c [30 924] 34.4 sec, 235 MB, 754 nodes +36 -57 s0, vars[136..177..256]
c  30 searching 144 out of 754 nodes 19% limit 1808
c  30 average actual conflicts 1431 median 1808
c  31 simplify  72 out of 693 nodes 10%
c  31 lookahead 36 out of 692 nodes 5% on nodes [36..71]
c  31 splitting 36 out of 692 nodes 5%
c (31 960) 35.6 sec, 231 MB, 728 nodes +36 -62 s1, vars[125..177..256]
c  31 searching 72 out of 728 nodes 10% limit 3616
c  31 average actual conflicts 1031 median 840
c  32 simplify  72 out of 656 nodes 11%
c  32 lookahead 36 out of 656 nodes 5% on nodes [36..71]
c  32 splitting 36 out of 656 nodes 5%
c (32 996) 36.4 sec, 221 MB, 692 nodes +36 -72 s0, vars[141..193..256]
c  32 searching 72 out of 692 nodes 10% limit 1680
c  32 average actual conflicts 1342 median 1680
c  33 simplify  72 out of 658 nodes 11%
c  33 lookahead 36 out of 658 nodes 5% on nodes [36..71]
c  33 splitting 36 out of 658 nodes 5%
c (33 1032) 37.3 sec, 218 MB, 694 nodes +36 -34 s0, vars[125..187..256]
c  33 searching 72 out of 694 nodes 10% limit 1512
c  33 average actual conflicts 1089 median 1374
c  34 simplify  72 out of 654 nodes 11%
c  34 lookahead 36 out of 654 nodes 6% on nodes [36..71]
c  34 splitting 36 out of 654 nodes 6%
c (34 1068) 38.0 sec, 218 MB, 690 nodes +36 -40 s0, vars[149..184..256]
c  34 searching 72 out of 690 nodes 10% limit 2748
c  34 average actual conflicts 1703 median 1583
c  35 simplify  72 out of 637 nodes 11%
c  35 lookahead 36 out of 637 nodes 6% on nodes [36..71]
c  35 splitting 36 out of 637 nodes 6%
c (35 1104) 39.0 sec, 212 MB, 673 nodes +36 -53 s0, vars[96..188..256]
c  35 searching 72 out of 673 nodes 11% limit 3166
c  35 average actual conflicts 1640 median 1479
c  36 simplify  72 out of 616 nodes 12%
c  36 lookahead 36 out of 616 nodes 6% on nodes [36..71]
c  36 splitting 36 out of 616 nodes 6%
c (36 1140) 39.9 sec, 209 MB, 652 nodes +36 -57 s0, vars[142..199..256]
c  36 searching 72 out of 652 nodes 11% limit 2958
c  36 average actual conflicts 2257 median 2820
c  37 simplify  72 out of 615 nodes 12%
c  37 lookahead 36 out of 615 nodes 6% on nodes [36..71]
c  37 splitting 36 out of 615 nodes 6%
c (37 1176) 41.0 sec, 206 MB, 651 nodes +36 -37 s0, vars[124..195..256]
c  37 searching 72 out of 651 nodes 11% limit 5640
c  37 average actual conflicts 4218 median 4860
c  38 simplify  72 out of 606 nodes 12%
c  38 lookahead 36 out of 606 nodes 6% on nodes [36..71]
c  38 splitting 36 out of 606 nodes 6%
c (38 1212) 42.8 sec, 201 MB, 642 nodes +36 -45 s0, vars[156..192..256]
c  38 searching 72 out of 642 nodes 11% limit 9720
c  38 average actual conflicts 2908 median 2452
c  39 simplify  72 out of 572 nodes 13%
c  39 lookahead 36 out of 572 nodes 6% on nodes [36..71]
c  39 splitting 36 out of 572 nodes 6%
c (39 1248) 44.3 sec, 195 MB, 608 nodes +36 -70 s0, vars[175..204..256]
c  39 searching 72 out of 608 nodes 12% limit 4904
c  39 average actual conflicts 4469 median 4904
c  40 simplify  288 out of 588 nodes 49%
c  40 lookahead 36 out of 588 nodes 6% on nodes [36..71]
c  40 splitting 36 out of 588 nodes 6%
c [40 1284] 46.8 sec, 198 MB, 624 nodes +36 -20 s0, vars[148..198..256]
c  40 searching 144 out of 624 nodes 23% limit 4413
c  40 average actual conflicts 3881 median 4413
c  41 simplify  72 out of 587 nodes 12%
c  41 lookahead 36 out of 587 nodes 6% on nodes [36..71]
c  41 splitting 36 out of 587 nodes 6%
c (41 1320) 49.7 sec, 204 MB, 623 nodes +36 -37 s0, vars[154..192..256]
c  41 searching 72 out of 623 nodes 12% limit 8826
c  41 average actual conflicts 3428 median 3236
c  42 simplify  72 out of 553 nodes 13%
c  42 lookahead 36 out of 553 nodes 7% on nodes [36..71]
c  42 splitting 36 out of 553 nodes 7%
c (42 1356) 51.3 sec, 192 MB, 589 nodes +36 -70 s0, vars[180..203..256]
c  42 searching 72 out of 589 nodes 12% limit 6472
c  42 average actual conflicts 4626 median 5145
c  43 simplify  72 out of 541 nodes 13%
c  43 lookahead 36 out of 541 nodes 7% on nodes [36..71]
c  43 splitting 36 out of 541 nodes 7%
c (43 1392) 53.1 sec, 185 MB, 577 nodes +36 -48 s0, vars[154..202..256]
c  43 searching 72 out of 577 nodes 12% limit 10290
c  43 average actual conflicts 5524 median 4997
c  44 simplify  72 out of 518 nodes 14%
c  44 lookahead 36 out of 518 nodes 7% on nodes [36..71]
c  44 splitting 36 out of 518 nodes 7%
c (44 1428) 55.2 sec, 180 MB, 554 nodes +36 -59 s0, vars[156..210..256]
c  44 searching 72 out of 554 nodes 13% limit 9994
c  44 average actual conflicts 7376 median 9994
c winner [7 571] satisfiable in round 44 after 1428 nodes and 57.51 seconds
s SATISFIABLE
v 1 -2 3 -4 -5 6 -7 8 9 10 11 12 13 -14 15 16 -17 -18 -19 20 21 -22 -23 -24
v 25 26 -27 -28 29 30 -31 -32 -33 34 35 36 37 38 -39 40 41 -42 43 -44 -45
v -46 47 -48 -49 50 -51 -52 -53 -54 -55 56 -57 -58 59 -60 61 -62 63 -64 -65
v -66 -67 -68 -69 -70 -71 -72 -73 -74 -75 -76 -77 -78 -79 -80 -81 -82 -83
v -84 -85 -86 -87 -88 -89 -90 -91 -92 -93 -94 -95 -96 -97 98 -99 100 -101
v 102 -103 104 -105 106 -107 108 -109 110 -111 112 -113 114 -115 116 -117
v 118 -119 120 121 122 -123 124 -125 126 127 128 129 -130 -131 -132 -133
v -134 -135 -136 -137 -138 -139 -140 -141 -142 -143 -144 -145 -146 -147
v -148 -149 -150 -151 -152 -153 -154 -155 -156 -157 -158 -159 -160 -161
v -162 -163 -164 -165 -166 -167 -168 -169 -170 -171 -172 -173 -174 -175
v -176 -177 -178 -179 -180 -181 -182 -183 -184 -185 -186 -187 -188 -189
v -190 -191 -192 -193 -194 -195 -196 -197 -198 -199 -200 -201 -202 -203
v -204 -205 -206 -207 -208 -209 -210 -211 -212 -213 -214 -215 -216 -217
v -218 -219 -220 -221 -222 -223 -224 -225 -226 -227 -228 -229 -230 -231
v -232 -233 -234 -235 -236 -237 -238 -239 -240 -241 -242 -243 -244 -245
v -246 -247 -248 -249 -250 -251 -252 -253 -254 -255 -256 -257 -258 -259
v -260 -261 -262 -263 -264 -265 -266 -267 -268 -269 -270 -271 -272 -273
v -274 -275 -276 -277 -278 -279 -280 -281 -282 -283 -284 -285 -286 -287
v -288 -289 -290 -291 -292 -293 -294 -295 -296 -297 -298 -299 -300 -301
v -302 -303 -304 -305 -306 -307 -308 -309 -310 -311 -312 -313 -314 -315
v -316 -317 -318 -319 -320 -321 -322 -323 -324 -325 -326 -327 -328 -329
v -330 -331 -332 -333 -334 -335 -336 -337 -338 -339 -340 -341 -342 -343
v -344 -345 -346 -347 -348 -349 -350 -351 -352 -353 -354 -355 -356 -357
v -358 -359 -360 -361 -362 -363 -364 -365 -366 -367 -368 -369 -370 -371
v -372 -373 -374 -375 -376 377 -378 -379 -380 -381 -382 383 -384 385 -386
v 387 388 389 390 391 392 393 394 395 396 397 -398 399 400 -401 -402 -403
v 404 405 -406 -407 -408 409 410 -411 -412 413 414 -415 -416 417 418 419
v 420 421 422 423 424 425 -426 427 428 429 430 -431 432 -433 -434 -435 -436
v 437 438 439 -440 -441 -442 -443 -444 -445 -446 -447 -448 449 450 -451
v -452 -453 454 455 456 -457 458 -459 -460 -461 462 -463 -464 -465 466 -467
v -468 -469 470 -471 -472 -473 -474 -475 476 -477 478 -479 -480 -481 482
v -483 484 -485 486 -487 488 -489 490 -491 492 -493 494 -495 496 -497 498
v -499 500 -501 502 -503 504 505 506 -507 508 -509 510 511 512 -513 -514
v -515 -516 -517 -518 -519 -520 -521 -522 -523 -524 -525 -526 -527 -528
v -529 -530 -531 -532 -533 -534 -535 -536 -537 -538 -539 -540 -541 -542
v -543 -544 545 -546 547 548 -549 -550 551 -552 553 -554 555 -556 -557 -558
v -559 560 -561 562 563 564 565 -566 -567 568 569 570 571 572 573 574 575
v 576 -577 -578 579 -580 -581 -582 583 -584 585 -586 587 -588 589 590 -591
v 592 593 -594 595 -596 -597 598 -599 600 601 -602 -603 604 -605 606 -607
v 608 609 -610 -611 -612 613 -614 -615 616 -617 -618 619 -620 621 -622 -623
v -624 625 626 -627 628 629 -630 -631 -632 633 -634 635 -636 637 -638 639
v 640 641 -642 643 644 -645 646 647 -648 649 -650 -651 652 -653 -654 -655
v -656 -657 -658 -659 660 -661 -662 -663 664 665 666 667 -668 -669 -670 671
v 672 -673 -674 -675 -676 -677 -678 -679 -680 -681 -682 -683 684 -685 -686
v 687 -688 -689 690 -691 -692 -693 -694 -695 -696 697 -698 699 -700 -701
v -702 -703 -704 705 706 707 708 709 710 711 712 713 714 715 716 717 718
v 719 720 721 722 723 724 725 726 727 728 729 730 731 732 733 734 735 736
v -737 -738 -739 740 -741 742 743 -744 745 746 747 -748 -749 750 -751 752
v -753 -754 -755 -756 -757 -758 759 -760 761 -762 763 764 -765 -766 767
v -768 -769 770 -771 772 773 -774 775 -776 -777 -778 -779 -780 -781 782
v -783 -784 785 786 787 -788 -789 790 791 792 -793 -794 795 796 -797 -798
v 799 800 -801 802 803 804 805 806 807 808 809 -810 811 812 813 814 -815
v 816 -817 -818 -819 -820 821 822 823 -824 -825 -826 -827 -828 -829 -830
v -831 -832 -833 834 -835 836 -837 838 839 840 -841 842 -843 -844 -845 846
v -847 -848 849 850 851 -852 -853 854 -855 -856 857 -858 -859 -860 -861
v -862 -863 -864 -865 866 -867 868 -869 870 -871 872 -873 874 -875 876 -877
v 878 -879 880 -881 882 -883 884 -885 886 -887 888 889 890 -891 892 -893
v 894 895 896 -897 898 899 900 901 902 903 904 905 906 907 908 909 910 911
v 912 913 914 915 916 917 918 919 920 921 922 923 924 925 926 927 928 -929
v -930 -931 -932 -933 -934 935 -936 -937 -938 -939 940 941 942 943 944 -945
v 946 -947 -948 949 950 951 952 -953 -954 955 -956 957 -958 959 -960 -961
v 962 -963 964 -965 966 967 968 -969 970 -971 -972 -973 974 -975 -976 977
v 978 979 -980 -981 982 -983 -984 985 -986 -987 -988 -989 -990 -991 -992
v -993 -994 -995 -996 -997 -998 -999 -1000 -1001 -1002 -1003 -1004 -1005
v -1006 -1007 -1008 -1009 -1010 -1011 -1012 -1013 -1014 -1015 -1016 -1017
v -1018 -1019 -1020 -1021 -1022 -1023 -1024 1025 1026 1027 1028 1029 1030
v 1031 1032 1033 1034 1035 1036 1037 1038 1039 1040 1041 1042 1043 1044
v 1045 1046 1047 1048 1049 1050 1051 1052 1053 1054 1055 1056 -1057 -1058
v -1059 -1060 -1061 -1062 1063 -1064 -1065 -1066 -1067 1068 1069 1070 1071
v 1072 -1073 1074 -1075 -1076 1077 1078 1079 1080 -1081 -1082 1083 -1084
v 1085 -1086 1087 -1088 -1089 1090 -1091 1092 -1093 1094 1095 1096 -1097
v 1098 -1099 -1100 -1101 1102 -1103 -1104 1105 1106 1107 -1108 -1109 1110
v -1111 -1112 1113 -1114 -1115 -1116 -1117 -1118 -1119 -1120 -1121 -1122
v -1123 -1124 -1125 -1126 -1127 -1128 -1129 -1130 -1131 -1132 -1133 -1134
v -1135 -1136 -1137 -1138 -1139 -1140 -1141 -1142 -1143 -1144 1145 -1146
v -1147 -1148 -1149 -1150 1151 -1152 1153 1154 1155 1156 -1157 1158 1159
v -1160 1161 -1162 -1163 1164 -1165 1166 -1167 -1168 1169 1170 1171 1172
v -1173 1174 1175 -1176 1177 1178 -1179 1180 -1181 -1182 -1183 -1184 1185
v -1186 1187 -1188 -1189 -1190 1191 1192 -1193 1194 -1195 -1196 1197 -1198
v 1199 -1200 -1201 1202 1203 1204 -1205 -1206 1207 1208 1209 1210 1211
v -1212 -1213 1214 -1215 1216 1217 1218 1219 -1220 -1221 -1222 -1223 -1224
v -1225 1226 -1227 1228 -1229 -1230 -1231 1232 -1233 -1234 -1235 -1236
v -1237 -1238 -1239 1240 1241 -1242 -1243 1244 -1245 1246 1247 -1248 1249
v 1250 -1251 1252 1253 1254 -1255 -1256 -1257 1258 1259 1260 1261 1262
v -1263 1264 1265 -1266 -1267 -1268 1269 1270 -1271 1272 -1273 1274 1275
v 1276 1277 1278 -1279 -1280 -1281 1282 -1283 -1284 1285 -1286 -1287 1288
v -1289 1290 1291 -1292 1293 1294 1295 1296 1297 1298 1299 -1300 1301 1302
v 1303 -1304 -1305 -1306 -1307 1308 1309 1310 -1311 -1312 1313 1314 1315
v -1316 1317 1318 1319 -1320 -1321 1322 -1323 1324 -1325 1326 1327 -1328
v -1329 -1330 -1331 -1332 -1333 1334 -1335 -1336 -1337 -1338 -1339 1340
v 1341 -1342 1343 -1344 -1345 -1346 -1347 -1348 -1349 1350 -1351 1352 1353
v -1354 1355 1356 1357 -1358 -1359 -1360 1361 1362 1363 -1364 -1365 -1366
v -1367 -1368 -1369 -1370 -1371 1372 -1373 1374 1375 1376 -1377 -1378 -1379
v -1380 -1381 -1382 -1383 -1384 -1385 -1386 -1387 -1388 -1389 -1390 -1391
v -1392 -1393 -1394 -1395 -1396 -1397 -1398 -1399 -1400 -1401 -1402 -1403
v -1404 -1405 -1406 -1407 -1408 1409 1410 1411 1412 1413 1414 1415 1416
v 1417 1418 1419 1420 1421 1422 1423 1424 1425 1426 1427 1428 1429 1430
v 1431 1432 1433 1434 1435 1436 1437 1438 1439 1440 -1441 1442 -1443 1444
v 1445 1446 -1447 -1448 1449 1450 1451 -1452 -1453 1454 -1455 1456 -1457
v -1458 1459 1460 1461 1462 -1463 1464 -1465 1466 -1467 -1468 -1469 1470
v -1471 1472 1473 1474 -1475 1476 1477 -1478 -1479 -1480 1481 1482 1483
v -1484 1485 -1486 1487 -1488 1489 -1490 1491 1492 1493 -1494 1495 -1496
v -1497 1498 1499 1500 1501 1502 -1503 1504 1505 -1506 -1507 1508 1509 1510
v 1511 1512 1513 1514 -1515 -1516 1517 1518 -1519 1520 1521 1522 -1523 1524
v 1525 -1526 1527 -1528 -1529 -1530 -1531 1532 1533 -1534 -1535 1536 -1537
v 1538 -1539 -1540 -1541 -1542 -1543 -1544 -1545 -1546 -1547 -1548 -1549
v 1550 -1551 -1552 1553 1554 1555 -1556 -1557 1558 1559 1560 -1561 -1562
v 1563 1564 -1565 -1566 1567 1568 -1569 1570 1571 1572 1573 1574 1575 1576
v 1577 -1578 1579 1580 1581 1582 -1583 1584 -1585 -1586 -1587 -1588 1589
v 1590 1591 -1592 -1593 -1594 -1595 -1596 -1597 -1598 -1599 -1600 -1601
v 1602 -1603 1604 -1605 1606 1607 1608 -1609 1610 -1611 -1612 -1613 1614
v -1615 -1616 1617 1618 1619 -1620 -1621 1622 -1623 -1624 1625 -1626 -1627
v -1628 -1629 -1630 -1631 -1632 -1633 1634 -1635 1636 -1637 1638 -1639 1640
v -1641 1642 -1643 1644 -1645 1646 -1647 1648 -1649 1650 -1651 1652 -1653
v 1654 -1655 1656 1657 1658 -1659 1660 -1661 1662 1663 1664 -1665 -1666
v -1667 -1668 -1669 -1670 -1671 -1672 -1673 -1674 -1675 -1676 -1677 -1678
v -1679 -1680 -1681 -1682 -1683 -1684 -1685 -1686 -1687 -1688 -1689 -1690
v -1691 -1692 -1693 -1694 -1695 -1696 -1697 1698 1699 1700 1701 1702 1703
v 1704 1705 1706 1707 1708 1709 1710 1711 1712 1713 1714 1715 1716 1717
v 1718 1719 1720 1721 1722 1723 1724 1725 1726 1727 1728 -1729 -1730 -1731
v -1732 -1733 -1734 1735 -1736 -1737 -1738 -1739 1740 1741 1742 1743 1744
v -1745 1746 -1747 -1748 1749 1750 1751 1752 -1753 -1754 1755 -1756 1757
v -1758 1759 -1760 -1761 1762 -1763 1764 -1765 1766 1767 1768 -1769 1770
v -1771 -1772 -1773 1774 -1775 -1776 1777 1778 1779 -1780 -1781 1782 -1783
v -1784 1785 -1786 -1787 -1788 -1789 -1790 -1791 -1792 1793 1794 1795 1796
v 1797 1798 1799 1800 1801 1802 1803 1804 1805 1806 1807 1808 1809 1810
v 1811 1812 1813 1814 1815 1816 1817 1818 1819 1820 1821 1822 1823 1824
v 1825 1826 1827 -1828 -1829 1830 -1831 1832 -1833 1834 -1835 -1836 -1837
v -1838 -1839 -1840 -1841 1842 -1843 -1844 -1845 -1846 1847 1848 1849 1850
v 1851 -1852 1853 -1854 -1855 1856 1857 -1858 -1859 1860 -1861 -1862 -1863
v -1864 -1865 -1866 -1867 -1868 1869 -1870 1871 -1872 1873 1874 1875 -1876
v 1877 -1878 -1879 -1880 1881 -1882 -1883 1884 1885 1886 -1887 -1888 -1889
v -1890 -1891 1892 -1893 -1894 -1895 -1896 -1897 1898 -1899 -1900 -1901
v -1902 -1903 -1904 -1905 -1906 -1907 -1908 -1909 -1910 -1911 -1912 -1913
v -1914 -1915 -1916 -1917 -1918 -1919 -1920 1921 1922 1923 -1924 1925 -1926
v 1927 -1928 1929 -1930 -1931 1932 -1933 1934 -1935 -1936 1937 1938 1939
v 1940 -1941 1942 1943 -1944 1945 1946 -1947 1948 -1949 -1950 -1951 -1952
v 1953 -1954 1955 -1956 -1957 -1958 1959 1960 -1961 1962 -1963 -1964 1965
v -1966 1967 -1968 -1969 1970 1971 1972 -1973 -1974 1975 1976 1977 1978
v 1979 -1980 -1981 1982 -1983 1984 1985 1986 1987 -1988 -1989 -1990 -1991
v -1992 -1993 1994 -1995 1996 -1997 -1998 -1999 2000 -2001 -2002 -2003
v -2004 -2005 -2006 -2007 2008 2009 -2010 -2011 2012 -2013 2014 2015 -2016
v 2017 2018 -2019 2020 2021 2022 -2023 -2024 -2025 2026 2027 2028 2029 2030
v -2031 2032 2033 -2034 -2035 -2036 2037 2038 -2039 2040 -2041 2042 2043
v 2044 2045 2046 -2047 -2048 -2049 -2050 -2051 -2052 -2053 -2054 -2055
v -2056 -2057 -2058 -2059 -2060 -2061 -2062 -2063 -2064 -2065 -2066 -2067
v -2068 -2069 -2070 -2071 -2072 -2073 -2074 -2075 -2076 -2077 -2078 -2079
v -2080 -2081 2082 -2083 -2084 2085 -2086 -2087 2088 -2089 2090 2091 -2092
v 2093 2094 2095 2096 2097 2098 2099 -2100 2101 2102 2103 -2104 -2105 -2106
v -2107 2108 2109 2110 -2111 -2112 2113 2114 2115 -2116 2117 2118 2119
v -2120 -2121 2122 -2123 2124 -2125 2126 2127 -2128 -2129 -2130 -2131 -2132
v -2133 2134 -2135 -2136 -2137 -2138 -2139 2140 2141 -2142 2143 -2144 -2145
v -2146 -2147 -2148 -2149 2150 -2151 2152 2153 -2154 2155 2156 2157 -2158
v -2159 -2160 2161 2162 2163 -2164 -2165 -2166 -2167 -2168 -2169 -2170
v -2171 2172 -2173 2174 2175 2176 2177 2178 2179 2180 2181 2182 2183 2184
v 2185 2186 2187 2188 2189 2190 2191 2192 2193 2194 2195 2196 2197 2198
v 2199 2200 2201 2202 2203 2204 2205 2206 2207 2208 2209 -2210 2211 -2212
v 2213 -2214 -2215 -2216 2217 -2218 2219 -2220 2221 -2222 2223 2224 2225
v -2226 -2227 2228 2229 2230 -2231 -2232 2233 -2234 2235 -2236 -2237 2238
v 2239 2240 -2241 2242 -2243 -2244 2245 2246 2247 2248 2249 -2250 2251 2252
v 2253 -2254 2255 2256 -2257 -2258 -2259 2260 2261 2262 -2263 2264 -2265
v 2266 -2267 2268 -2269 2270 2271 2272 -2273 2274 -2275 -2276 -2277 -2278
v 2279 2280 -2281 -2282 2283 2284 -2285 -2286 2287 2288 2289 2290 2291 2292
v 2293 -2294 -2295 2296 2297 -2298 2299 2300 2301 -2302 2303 2304 2305
v -2306 2307 2308 2309 2310 2311 2312 2313 2314 2315 2316 2317 -2318 2319
v 2320 -2321 -2322 -2323 2324 2325 -2326 -2327 -2328 2329 2330 -2331 -2332
v 2333 2334 -2335 -2336 2337 2338 2339 2340 2341 2342 2343 2344 2345 -2346
v 2347 2348 2349 2350 -2351 2352 -2353 -2354 -2355 -2356 2357 2358 2359
v -2360 -2361 -2362 -2363 -2364 -2365 -2366 -2367 -2368 2369 2370 -2371
v -2372 -2373 2374 2375 2376 -2377 2378 -2379 -2380 -2381 2382 -2383 -2384
v -2385 2386 -2387 -2388 -2389 2390 -2391 -2392 -2393 -2394 -2395 2396
v -2397 2398 -2399 -2400 -2401 2402 -2403 2404 -2405 2406 -2407 2408 -2409
v 2410 -2411 2412 -2413 2414 -2415 2416 -2417 2418 -2419 2420 -2421 2422
v -2423 2424 2425 2426 -2427 2428 -2429 2430 2431 2432 -2433 -2434 -2435
v -2436 -2437 -2438 -2439 -2440 -2441 -2442 -2443 -2444 -2445 -2446 -2447
v -2448 -2449 -2450 -2451 -2452 -2453 -2454 -2455 -2456 -2457 -2458 -2459
v -2460 -2461 -2462 -2463 -2464 -2465 2466 2467 -2468 -2469 2470 -2471 2472
v -2473 2474 -2475 -2476 -2477 -2478 2479 -2480 2481 2482 2483 2484 -2485
v -2486 2487 2488 2489 2490 2491 2492 2493 2494 2495 2496 -2497 2498 -2499
v -2500 -2501 2502 -2503 2504 -2505 2506 -2507 2508 2509 -2510 2511 2512
v -2513 2514 -2515 -2516 2517 -2518 2519 2520 -2521 -2522 2523 -2524 2525
v -2526 2527 -2528 -2529 -2530 -2531 2532 -2533 -2534 2535 -2536 -2537 2538
v -2539 2540 -2541 -2542 -2543 2544 2545 -2546 2547 2548 -2549 -2550 -2551
v 2552 -2553 2554 -2555 2556 -2557 2558 2559 2560 2561 2562 2563 2564 2565
v 2566 2567 2568 2569 2570 2571 2572 2573 2574 2575 2576 2577 2578 2579
v 2580 2581 2582 2583 2584 2585 2586 2587 2588 2589 2590 2591 2592 2593
v 2594 2595 -2596 -2597 2598 -2599 2600 -2601 -2602 -2603 -2604 -2605 -2606
v 2607 -2608 2609 -2610 2611 2612 -2613 -2614 2615 -2616 -2617 -2618 -2619
v 2620 -2621 2622 2623 -2624 2625 -2626 -2627 2628 -2629 -2630 -2631 -2632
v -2633 -2634 -2635 2636 -2637 -2638 -2639 2640 2641 2642 2643 -2644 -2645
v -2646 2647 2648 2649 -2650 2651 2652 -2653 2654 2655 -2656 -2657 -2658
v -2659 2660 -2661 -2662 2663 -2664 -2665 2666 -2667 -2668 -2669 -2670
v -2671 -2672 2673 -2674 2675 -2676 -2677 -2678 -2679 -2680 -2681 -2682
v -2683 -2684 -2685 -2686 -2687 -2688 -2689 -2690 -2691 2692 -2693 2694
v -2695 2696 -2697 2698 2699 -2700 2701 -2702 2703 2704 -2705 -2706 -2707
v -2708 2709 -2710 -2711 2712 -2713 -2714 2715 -2716 2717 2718 2719 2720
v -2721 -2722 -2723 -2724 -2725 -2726 2727 2728 2729 2730 -2731 -2732 2733
v -2734 2735 -2736 -2737 2738 2739 -2740 -2741 -2742 2743 2744 -2745 2746
v -2747 -2748 -2749 2750 2751 -2752 2753 2754 2755 -2756 -2757 -2758 -2759
v 2760 2761 2762 2763 2764 2765 -2766 -2767 -2768 -2769 -2770 -2771 2772
v 2773 -2774 -2775 -2776 2777 2778 -2779 2780 -2781 -2782 2783 2784 2785
v -2786 -2787 2788 2789 2790 2791 -2792 -2793 2794 2795 2796 2797 2798 2799
v -2800 2801 -2802 -2803 2804 -2805 2806 -2807 -2808 2809 2810 -2811 2812
v -2813 2814 -2815 -2816 -2817 -2818 -2819 -2820 -2821 -2822 -2823 -2824
v -2825 -2826 -2827 -2828 -2829 -2830 -2831 -2832 -2833 -2834 -2835 -2836
v -2837 -2838 -2839 -2840 -2841 -2842 -2843 -2844 -2845 -2846 -2847 -2848
v -2849 2850 -2851 -2852 2853 -2854 2855 -2856 -2857 -2858 2859 -2860 2861
v 2862 2863 2864 2865 -2866 -2867 -2868 2869 2870 -2871 2872 -2873 2874
v -2875 2876 2877 2878 -2879 -2880 -2881 2882 -2883 -2884 2885 2886 2887
v -2888 -2889 -2890 -2891 2892 -2893 2894 2895 -2896 -2897 -2898 -2899
v -2900 -2901 2902 -2903 -2904 2905 -2906 -2907 2908 2909 -2910 2911 -2912
v 2913 -2914 -2915 2916 2917 -2918 -2919 2920 2921 2922 2923 2924 -2925
v 2926 -2927 -2928 2929 2930 2931 -2932 -2933 2934 -2935 -2936 -2937 2938
v -2939 2940 -2941 -2942 2943 2944 2945 2946 2947 2948 2949 2950 2951 2952
v 2953 2954 2955 2956 2957 2958 2959 2960 2961 2962 2963 2964 2965 2966
v 2967 2968 2969 2970 2971 2972 2973 2974 2975 2976 2977 2978 2979 -2980
v -2981 -2982 -2983 -2984 2985 -2986 -2987 -2988 2989 2990 2991 -2992 -2993
v -2994 -2995 2996 -2997 -2998 -2999 -3000 3001 -3002 3003 3004 3005 3006
v 3007 3008 -3009 3010 -3011 -3012 -3013 -3014 -3015 3016 3017 -3018 3019
v 3020 3021 3022 -3023 3024 -3025 -3026 -3027 3028 3029 -3030 -3031 3032
v -3033 3034 -3035 3036 3037 3038 3039 3040 -3041 3042 -3043 -3044 -3045
v -3046 3047 -3048 3049 -3050 3051 3052 -3053 -3054 3055 3056 3057 -3058
v -3059 3060 3061 -3062 -3063 3064 3065 -3066 3067 3068 3069 -3070 -3071
v -3072 -3073 -3074 -3075 -3076 -3077 3078 -3079 3080 3081 3082 -3083 -3084
v 3085 -3086 -3087 -3088 3089 3090 -3091 -3092 3093 3094 3095 -3096 3097
v -3098 -3099 -3100 3101 3102 3103 3104 3105 3106 -3107 -3108 3109 3110
v 3111 3112 3113 -3114 -3115 3116 3117 3118 -3119 -3120 3121 3122 3123
v -3124 3125 -3126 -3127 3128 -3129 -3130 -3131 3132 3133 -3134 3135 3136
v -3137 -3138 -3139 3140 3141 -3142 -3143 -3144 3145 3146 3147 3148 -3149
v 3150 3151 3152 3153 -3154 3155 3156 -3157 3158 -3159 3160 3161 3162 3163
v 3164 -3165 -3166 -3167 3168 3169 3170 -3171 3172 3173 -3174 -3175 -3176
v -3177 -3178 3179 3180 3181 3182 -3183 -3184 3185 3186 -3187 3188 3189
v -3190 -3191 -3192 3193 -3194 -3195 -3196 3197 -3198 3199 -3200 3201 -3202
v 3203 3204 -3205 -3206 3207 3208 -3209 3210 -3211 3212 -3213 3214 -3215
v 3216 3217 -3218 -3219 -3220 -3221 3222 -3223 3224 3225 -3226 -3227 3228
v 3229 -3230 -3231 3232 3233 3234 3235 -3236 -3237 3238 3239 -3240 -3241
v 3242 -3243 3244 3245 3246 -3247 3248 -3249 -3250 -3251 3252 -3253 -3254
v -3255 3256 3257 -3258 3259 -3260 3261 -3262 -3263 3264 -3265 3266 3267
v -3268 -3269 -3270 -3271 -3272 -3273 -3274 3275 -3276 3277 -3278 3279
v -3280 3281 -3282 -3283 3284 3285 3286 -3287 -3288 -3289 -3290 3291 3292
v -3293 -3294 -3295 3296 -3297 -3298 3299 -3300 -3301 -3302 -3303 3304 3305
v 3306 3307 -3308 -3309 -3310 3311 -3312 -3313 -3314 3315 -3316 3317 -3318
v -3319 -3320 3321 -3322 3323 3324 -3325 3326 3327 3328 3329 3330 -3331
v -3332 3333 3334 -3335 3336 3337 -3338 -3339 -3340 -3341 -3342 3343 -3344
v 3345 -3346 -3347 3348 -3349 -3350 -3351 -3352 3353 3354 3355 -3356 -3357
v -3358 -3359 -3360 -3361 -3362 3363 -3364 3365 -3366 -3367 3368 3369 3370
v 3371 -3372 -3373 -3374 -3375 3376 3377 3378 -3379 -3380 3381 3382 -3383
v 3384 -3385 -3386 -3387 3388 3389 -3390 -3391 3392 3393 -3394 -3395 3396
v 3397 3398 -3399 3400 3401 -3402 3403 -3404 3405 -3406 3407 -3408 3409
v -3410 -3411 3412 -3413 -3414 3415 -3416 3417 3418 -3419 -3420 -3421 -3422
v -3423 3424 -3425 -3426 -3427 3428 -3429 -3430 -3431 -3432 3433 -3434 3435
v 3436 -3437 -3438 3439 -3440 3441 -3442 -3443 3444 -3445 -3446 3447 -3448
v 3449 -3450 3451 -3452 3453 -3454 -3455 3456 -3457 3458 3459 3460 -3461
v -3462 3463 3464 -3465 3466 -3467 -3468 -3469 3470 -3471 3472 -3473 -3474
v -3475 -3476 3477 3478 -3479 -3480 3481 -3482 -3483 3484 -3485 3486 3487
v -3488 -3489 -3490 -3491 -3492 -3493 3494 3495 -3496 -3497 3498 -3499 3500
v -3501 -3502 3503 3504 3505 3506 -3507 3508 -3509 -3510 -3511 3512 3513
v -3514 3515 -3516 3517 -3518 -3519 -3520 3521 -3522 3523 -3524 -3525 -3526
v 3527 -3528 -3529 3530 3531 3532 -3533 -3534 -3535 -3536 -3537 3538 3539
v -3540 3541 -3542 3543 -3544 -3545 -3546 -3547 -3548 -3549 -3550 -3551
v -3552 3553 3554 3555 3556 3557 -3558 -3559 3560 -3561 3562 3563 3564 3565
v -3566 -3567 3568 -3569 3570 -3571 3572 -3573 -3574 3575 -3576 -3577 -3578
v -3579 3580 3581 -3582 -3583 3584 -3585 3586 3587 3588 3589 3590 3591
v -3592 3593 3594 3595 -3596 3597 3598 -3599 -3600 3601 3602 -3603 -3604
v -3605 -3606 -3607 3608 -3609 -3610 -3611 3612 -3613 -3614 -3615 3616 3617
v 3618 -3619 3620 -3621 3622 3623 -3624 -3625 -3626 3627 -3628 -3629 -3630
v -3631 -3632 3633 -3634 3635 3636 -3637 -3638 -3639 -3640 -3641 -3642
v -3643 3644 -3645 -3646 3647 -3648 -3649 -3650 3651 -3652 -3653 -3654
v -3655 3656 3657 -3658 3659 -3660 -3661 3662 -3663 -3664 -3665 -3666 -3667
v -3668 -3669 3670 -3671 3672 3673 3674 -3675 -3676 -3677 3678 -3679 3680
v -3681 -3682 3683 -3684 3685 3686 -3687 3688 -3689 -3690 -3691 3692 -3693
v -3694 3695 3696 -3697 -3698 3699 -3700 3701 3702 3703 3704 3705 3706
v -3707 -3708 3709 3710 3711 3712 3713 -3714 3715 3716 -3717 3718 -3719
v 3720 3721 -3722 -3723 -3724 -3725 -3726 -3727 3728 3729 3730 -3731 3732
v 3733 3734 3735 -3736 -3737 -3738 3739 -3740 3741 3742 -3743 -3744 -3745
v 3746 -3747 3748 3749 3750 3751 -3752 -3753 -3754 -3755 3756 3757 -3758
v 3759 -3760 -3761 -3762 3763 -3764 3765 3766 3767 3768 -3769 3770 3771
v 3772 -3773 3774 -3775 -3776 3777 -3778 3779 -3780 -3781 -3782 -3783 -3784
v 3785 -3786 -3787 -3788 3789 -3790 3791 -3792 3793 -3794 3795 -3796 -3797
v 3798 -3799 3800 3801 -3802 -3803 -3804 -3805 3806 -3807 -3808 -3809 -3810
v -3811 -3812 3813 3814 -3815 3816 -3817 3818 3819 -3820 3821 3822 -3823
v 3824 3825 3826 -3827 -3828 3829 -3830 -3831 3832 -3833 3834 -3835 -3836
v -3837 -3838 -3839 -3840 -3841 0
c 
c cleaning up after 44 rounds
c 
c 44 rounds, 1428 nodes (786 max), 9367 threads (10 max)
c 4931 avg clim, 9 incs, 28 decs, 7 forced, 1 simp
c 
c 57.56 wall clock time, 537.08 process time
c 93% utilization for 9 + 1 worker threads on 52 cores
c 
c started 2 additional parallel solver instances
c 279 units consumed 100% of 279 produced
c 874 leaf clauses consumed 99% of 882 produced
c 
c 7476202 conflicts, 129882 conflicts per second
c 9220032 decisions, 160177 decisions per second
c 364513441 propagations, 6.3 million propagations per second
c 
c 1309 tree-based look-ahead 92% out of 1427 look-aheads
c 118 relevance based look-ahead 8% out of 1427 look-aheads
c 
c    1427  15% lookaheads         0.76 seconds    1%
c    1427  15% splits             0.17 seconds    0%
c    3362  36% simplifications   25.82 seconds   45%
c    3151  34% searches          30.67 seconds   53%
c ======================================================
c    9367 100% scheduled jobs    57.56 seconds, 258 MB
c 
c result 10
