c Treengeling Cube and Conquer SAT Solver
c 
c Version 1.0.0 89a167d0d2efe98d983c87b5b84175b40ea55842
c 
c Copyright (C) 2010-2016 Armin Biere JKU Linz Austria.
c All rights reserved.
c 
c released Sun Apr  5 23:26:06 CST 2026
c compiled Sun Apr  5 23:26:06 CST 2026
c 
c gcc (conda-forge gcc 15.2.0-18) 15.2.0
c -W -Wall -O3 -DNLGLOG -DNDEBUG -DNCHKSOL -DNLGLDRUPLIG -DNLGLYALSAT
c -DNLGLFILES -DNLGLDEMA
c Linux bzz-PowerEdge-R750 5.15.0-139-generic x86_64
c 
c verbose level 0
c will NOT print statistics for each solver instance
c will print satisfying assignment
c 
c splitting small nodes first (no '-b' option)
c asymmetric splitting ('--asymmetric')
c portfolio option fuzzing disabled (no '--portfolio' option)
c full search/simplification round interval 10
c tree-based look-ahead up to depth 10
c relevance based look-ahead starts at depth 11
c no randomization in lookahead
c 
c 'sysconf' reports 112 processors online
c found 28 unique core ids in '/proc/cpuinfo'
c found 2 unique physical ids in '/proc/cpuinfo'
c 56 cores = 28 core times 2 physical ids in '/proc/cpuinfo'
c found Intel as vendor in '/proc/cpuinfo'
c 'sysconf' result off by a factor of 2.000000 on Intel
c trusting 'sysconf' on Intel (assuming HyperThreading)
c assuming cores = number of processors reported by 'sysconf' = 112
c maximum 10 workers as specified ('-t 10')
c using one worker for additional parallel solver instance
c maximum of 72 active nodes (no '-a <nodes>' option)
c default ratio of split nodes is 50%
c 
c 263536484 KB total memory according to '/proc/meminfo'
c hard memory limit of 257359 MB (no '-g' nor '-m' option)
c soft memory limit of 85786 MB
c 
c default minimum conflict limit of 1000 conflicts
c default initial conflict limit of 10000 conflicts
c default maximum conflict limit of 100000 conflicts
c 
c default optimization level 10
c 
c initializing root solver instance
c reading cons/collision_2round_w128_20260507_165710_2r_collision_constraints.cnf
c found 'p cnf 3841 30592' header
c parsed 139136 literals in 30592 clauses in 0.11 seconds
c cloning and starting first additional parallel solver instance
c simplifying root solver instance with optimization level 10
c root solver instance optimization with result 0 took 1.15 seconds
c forking root solver instance
c cloning and starting second additional parallel solver instance
c [0 1] 1.3 sec, 1 MB, 1 nodes +1 -0 s0, vars[319..319..319]
c  0 searching 1 out of 1 nodes 100% limit 1000 forced
c  0 average actual conflicts 1000 median 1000
c  1 simplify  1 out of 1 nodes 100%
c  1 lookahead 1 out of 1 nodes 100% on nodes [0..0]
c  1 splitting 1 out of 1 nodes 100%
c (1 2) 1.7 sec, 2 MB, 2 nodes +2 -0 s0, vars[318..318..318]
c  1 searching 2 out of 2 nodes 100% limit 1000 forced
c  1 average actual conflicts 1000 median 1000
c  2 simplify  2 out of 2 nodes 100%
c  2 lookahead 2 out of 2 nodes 100% on nodes [0..1]
c  2 splitting 2 out of 2 nodes 100%
c (2 4) 2.0 sec, 3 MB, 4 nodes +2 -0 s0, vars[291..303..303]
c  2 searching 4 out of 4 nodes 100% limit 1000 forced
c  2 average actual conflicts 1001 median 1001
c  3 simplify  4 out of 4 nodes 100%
c  3 lookahead 4 out of 4 nodes 100% on nodes [0..3]
c  3 splitting 4 out of 4 nodes 100%
c (3 8) 2.4 sec, 5 MB, 8 nodes +4 -0 s0, vars[271..294..294]
c  3 searching 8 out of 8 nodes 100% limit 1000 forced
c  3 average actual conflicts 1000 median 1001
c  4 simplify  8 out of 8 nodes 100%
c  4 lookahead 8 out of 8 nodes 100% on nodes [0..7]
c  4 splitting 8 out of 8 nodes 100%
c (4 16) 2.7 sec, 8 MB, 16 nodes +8 -0 s0, vars[263..281..281]
c  4 searching 16 out of 16 nodes 100% limit 1000 forced
c  4 average actual conflicts 1000 median 1000
c  5 simplify  16 out of 16 nodes 100%
c  5 lookahead 16 out of 16 nodes 100% on nodes [0..15]
c  5 splitting 16 out of 16 nodes 100%
c (5 32) 4.0 sec, 8 MB, 32 nodes +16 -0 s0, vars[255..267..267]
c  5 searching 32 out of 32 nodes 100% limit 1000 forced
c  5 average actual conflicts 1000 median 1001
c  6 simplify  32 out of 32 nodes 100%
c  6 lookahead 32 out of 32 nodes 100% on nodes [0..31]
c  6 splitting 32 out of 32 nodes 100%
c (6 64) 5.3 sec, 22 MB, 64 nodes +32 -0 s0, vars[249..260..260]
c  6 searching 64 out of 64 nodes 100% limit 1000 forced
c  6 average actual conflicts 1000 median 1001
c  7 simplify  64 out of 64 nodes 100%
c  7 lookahead 32 out of 64 nodes 50% on nodes [32..63]
c  7 splitting 32 out of 64 nodes 50%
c (7 96) 6.9 sec, 32 MB, 96 nodes +32 -0 s0, vars[246..253..255]
c  7 searching 72 out of 96 nodes 75% limit 10000
c  7 average actual conflicts 10000 median 10000
c  8 simplify  72 out of 96 nodes 75%
c  8 lookahead 36 out of 96 nodes 38% on nodes [36..71]
c  8 splitting 36 out of 96 nodes 38%
c (8 132) 14.0 sec, 45 MB, 132 nodes +36 -0 s0, vars[244..249..255]
c  8 searching 72 out of 132 nodes 55% limit 5000
c  8 average actual conflicts 5000 median 5001
c  9 simplify  72 out of 132 nodes 55%
c  9 lookahead 36 out of 132 nodes 27% on nodes [36..71]
c  9 splitting 36 out of 132 nodes 27%
c (9 168) 18.5 sec, 60 MB, 168 nodes +36 -0 s0, vars[243..246..255]
c  9 searching 72 out of 168 nodes 43% limit 2500
c  9 average actual conflicts 2500 median 2501
c  10 simplify  168 out of 168 nodes 100%
c  10 lookahead 36 out of 168 nodes 21% on nodes [36..71]
c  10 splitting 36 out of 168 nodes 21%
c [10 204] 23.8 sec, 68 MB, 204 nodes +36 -0 s0, vars[239..242..253]
c  10 searching 144 out of 204 nodes 71% limit 1250
c  10 average actual conflicts 1250 median 1250
c  11 simplify  72 out of 204 nodes 35%
c  11 lookahead 36 out of 204 nodes 18% on nodes [36..71]
c  11 splitting 36 out of 204 nodes 18%
c (11 240) 27.1 sec, 83 MB, 240 nodes +36 -0 s0, vars[236..239..253]
c  11 searching 72 out of 240 nodes 30% limit 1000
c  11 average actual conflicts 1000 median 1000
c  12 simplify  72 out of 240 nodes 30%
c  12 lookahead 36 out of 240 nodes 15% on nodes [36..71]
c  12 splitting 36 out of 240 nodes 15%
c (12 276) 28.9 sec, 96 MB, 276 nodes +36 -0 s0, vars[233..236..253]
c  12 searching 72 out of 276 nodes 26% limit 1000
c  12 average actual conflicts 1000 median 1001
c  13 simplify  72 out of 276 nodes 26%
c  13 lookahead 36 out of 276 nodes 13% on nodes [36..71]
c  13 splitting 36 out of 276 nodes 13%
c (13 312) 30.7 sec, 109 MB, 312 nodes +36 -0 s0, vars[228..233..253]
c  13 searching 72 out of 312 nodes 23% limit 1000
c  13 average actual conflicts 1000 median 1001
c  14 simplify  72 out of 312 nodes 23%
c  14 lookahead 36 out of 312 nodes 12% on nodes [36..71]
c  14 splitting 36 out of 312 nodes 12%
c (14 348) 32.4 sec, 122 MB, 348 nodes +36 -0 s0, vars[225..230..253]
c  14 searching 72 out of 348 nodes 21% limit 1000
c  14 average actual conflicts 1000 median 1000
c  15 simplify  72 out of 348 nodes 21%
c  15 lookahead 36 out of 348 nodes 10% on nodes [36..71]
c  15 splitting 36 out of 348 nodes 10%
c (15 384) 34.1 sec, 133 MB, 384 nodes +36 -0 s0, vars[223..227..253]
c  15 searching 72 out of 384 nodes 19% limit 1000
c  15 average actual conflicts 1000 median 1000
c  16 simplify  72 out of 384 nodes 19%
c  16 lookahead 36 out of 384 nodes 9% on nodes [36..71]
c  16 splitting 36 out of 384 nodes 9%
c (16 420) 35.7 sec, 146 MB, 420 nodes +36 -0 s0, vars[215..224..253]
c  16 searching 72 out of 420 nodes 17% limit 1000
c  16 average actual conflicts 1000 median 1001
c  17 simplify  72 out of 420 nodes 17%
c  17 lookahead 36 out of 420 nodes 9% on nodes [36..71]
c  17 splitting 36 out of 420 nodes 9%
c (17 456) 37.4 sec, 158 MB, 456 nodes +36 -0 s0, vars[214..221..253]
c  17 searching 72 out of 456 nodes 16% limit 1000
c  17 average actual conflicts 1000 median 1000
c  18 simplify  72 out of 456 nodes 16%
c  18 lookahead 36 out of 456 nodes 8% on nodes [36..71]
c  18 splitting 36 out of 456 nodes 8%
c (18 492) 39.0 sec, 170 MB, 492 nodes +36 -0 s0, vars[209..217..253]
c  18 searching 72 out of 492 nodes 15% limit 1000
c  18 average actual conflicts 1000 median 1000
c  19 simplify  72 out of 492 nodes 15%
c  19 lookahead 36 out of 492 nodes 7% on nodes [36..71]
c  19 splitting 36 out of 492 nodes 7%
c (19 528) 40.5 sec, 181 MB, 528 nodes +36 -0 s0, vars[208..214..253]
c  19 searching 72 out of 528 nodes 14% limit 1000
c  19 average actual conflicts 1000 median 1000
c  20 simplify  288 out of 528 nodes 55%
c  20 lookahead 36 out of 528 nodes 7% on nodes [36..71]
c  20 splitting 36 out of 528 nodes 7%
c [20 564] 44.7 sec, 185 MB, 564 nodes +36 -0 s0, vars[202..208..253]
c  20 searching 144 out of 564 nodes 26% limit 1000
c  20 average actual conflicts 1000 median 1000
c  21 simplify  72 out of 564 nodes 13%
c  21 lookahead 36 out of 564 nodes 6% on nodes [36..71]
c  21 splitting 36 out of 564 nodes 6%
c (21 600) 46.7 sec, 197 MB, 600 nodes +36 -0 s0, vars[193..203..253]
c  21 searching 72 out of 600 nodes 12% limit 1000
c  21 average actual conflicts 1000 median 1001
c  22 simplify  72 out of 600 nodes 12%
c  22 lookahead 36 out of 600 nodes 6% on nodes [36..71]
c  22 splitting 36 out of 600 nodes 6%
c (22 636) 48.2 sec, 207 MB, 636 nodes +36 -0 s0, vars[188..198..253]
c  22 searching 72 out of 636 nodes 11% limit 1000
c  22 average actual conflicts 1000 median 1000
c  23 simplify  72 out of 634 nodes 11%
c  23 lookahead 36 out of 634 nodes 6% on nodes [36..71]
c  23 splitting 36 out of 634 nodes 6%
c (23 672) 49.6 sec, 216 MB, 670 nodes +36 -2 s0, vars[169..192..253]
c  23 searching 72 out of 670 nodes 11% limit 1000
c  23 average actual conflicts 927 median 1000
c  24 simplify  72 out of 660 nodes 11%
c  24 lookahead 36 out of 660 nodes 5% on nodes [36..71]
c  24 splitting 36 out of 660 nodes 5%
c (24 708) 51.1 sec, 223 MB, 696 nodes +36 -10 s0, vars[164..186..253]
c  24 searching 72 out of 696 nodes 10% limit 1000
c  24 average actual conflicts 878 median 1000
c  25 simplify  72 out of 676 nodes 11%
c  25 lookahead 36 out of 675 nodes 5% on nodes [36..71]
c  25 splitting 36 out of 675 nodes 5%
c (25 744) 52.5 sec, 228 MB, 711 nodes +36 -21 s1, vars[131..180..253]
c  25 searching 72 out of 711 nodes 10% limit 1000
c  25 average actual conflicts 787 median 1000
c  26 simplify  72 out of 682 nodes 11%
c  26 lookahead 36 out of 682 nodes 5% on nodes [36..71]
c  26 splitting 36 out of 682 nodes 5%
c (26 780) 53.7 sec, 226 MB, 718 nodes +36 -29 s0, vars[158..173..253]
c  26 searching 72 out of 718 nodes 10% limit 1000
c  26 average actual conflicts 700 median 757
c  27 simplify  72 out of 673 nodes 11%
c  27 lookahead 36 out of 672 nodes 5% on nodes [36..71]
c  27 splitting 36 out of 672 nodes 5%
c (27 816) 54.8 sec, 220 MB, 708 nodes +36 -46 s1, vars[118..171..253]
c  27 searching 72 out of 708 nodes 10% limit 1514
c  27 average actual conflicts 616 median 655
c  28 simplify  72 out of 636 nodes 11%
c  28 lookahead 36 out of 636 nodes 6% on nodes [36..71]
c  28 splitting 36 out of 636 nodes 6%
c (28 852) 56.0 sec, 213 MB, 672 nodes +36 -72 s0, vars[160..186..253]
c  28 searching 72 out of 672 nodes 11% limit 1310
c  28 average actual conflicts 850 median 859
c  29 simplify  72 out of 626 nodes 12%
c  29 lookahead 36 out of 625 nodes 6% on nodes [36..71]
c  29 splitting 36 out of 625 nodes 6%
c (29 888) 57.3 sec, 210 MB, 661 nodes +36 -47 s1, vars[139..185..253]
c  29 searching 72 out of 661 nodes 11% limit 1718
c  29 average actual conflicts 1010 median 1045
c  30 simplify  288 out of 609 nodes 47%
c  30 lookahead 36 out of 606 nodes 6% on nodes [36..71]
c  30 splitting 36 out of 606 nodes 6%
c [30 924] 61.3 sec, 200 MB, 642 nodes +36 -55 s3, vars[71..188..253]
c  30 searching 144 out of 642 nodes 22% limit 2090
c  30 average actual conflicts 1644 median 2090
c  31 simplify  72 out of 582 nodes 12%
c  31 lookahead 36 out of 582 nodes 6% on nodes [36..71]
c  31 splitting 36 out of 582 nodes 6%
c (31 960) 63.9 sec, 195 MB, 618 nodes +36 -60 s0, vars[117..192..253]
c  31 searching 72 out of 618 nodes 12% limit 4180
c  31 average actual conflicts 1308 median 1026
c  32 simplify  72 out of 548 nodes 13%
c  32 lookahead 36 out of 548 nodes 7% on nodes [36..71]
c  32 splitting 36 out of 548 nodes 7%
c (32 996) 65.6 sec, 187 MB, 584 nodes +36 -70 s0, vars[168..200..253]
c  32 searching 72 out of 584 nodes 12% limit 2052
c  32 average actual conflicts 1999 median 2053
c  33 simplify  72 out of 578 nodes 12%
c  33 lookahead 36 out of 576 nodes 6% on nodes [36..71]
c  33 splitting 36 out of 576 nodes 6%
c (33 1032) 67.6 sec, 195 MB, 612 nodes +36 -8 s2, vars[162..194..253]
c  33 searching 72 out of 612 nodes 12% limit 1847
c  33 average actual conflicts 1563 median 1847
c  34 simplify  72 out of 585 nodes 12%
c  34 lookahead 36 out of 584 nodes 6% on nodes [36..71]
c  34 splitting 36 out of 584 nodes 6%
c (34 1068) 69.3 sec, 192 MB, 620 nodes +36 -28 s1, vars[135..188..253]
c  34 searching 72 out of 620 nodes 12% limit 1662
c  34 average actual conflicts 1020 median 1032
c  35 simplify  72 out of 573 nodes 13%
c  35 lookahead 36 out of 573 nodes 6% on nodes [36..71]
c  35 splitting 36 out of 573 nodes 6%
c (35 1104) 70.8 sec, 189 MB, 609 nodes +36 -47 s0, vars[146..186..253]
c  35 searching 72 out of 609 nodes 12% limit 2064
c  35 average actual conflicts 1308 median 1500
c  36 simplify  72 out of 563 nodes 13%
c  36 lookahead 36 out of 562 nodes 6% on nodes [36..71]
c  36 splitting 36 out of 562 nodes 6%
c (36 1140) 72.2 sec, 185 MB, 598 nodes +36 -47 s1, vars[129..185..253]
c  36 searching 72 out of 598 nodes 12% limit 3000
c  36 average actual conflicts 1418 median 1128
c  37 simplify  72 out of 538 nodes 13%
c  37 lookahead 36 out of 538 nodes 7% on nodes [36..71]
c  37 splitting 36 out of 538 nodes 7%
c (37 1176) 73.8 sec, 179 MB, 574 nodes +36 -60 s0, vars[145..196..253]
c  37 searching 72 out of 574 nodes 13% limit 2256
c  37 average actual conflicts 1606 median 1699
c  38 simplify  72 out of 533 nodes 14%
c  38 lookahead 36 out of 533 nodes 7% on nodes [36..71]
c  38 splitting 36 out of 533 nodes 7%
c (38 1212) 75.7 sec, 178 MB, 569 nodes +36 -41 s0, vars[141..196..253]
c  38 searching 72 out of 569 nodes 13% limit 3398
c  38 average actual conflicts 2457 median 3038
c  39 simplify  72 out of 527 nodes 14%
c  39 lookahead 36 out of 524 nodes 7% on nodes [36..71]
c  39 splitting 36 out of 524 nodes 7%
c (39 1248) 78.0 sec, 175 MB, 560 nodes +36 -45 s3, vars[131..196..253]
c  39 searching 72 out of 560 nodes 13% limit 6076
c  39 average actual conflicts 3656 median 3628
c  40 simplify  288 out of 501 nodes 57%
c  40 lookahead 36 out of 501 nodes 7% on nodes [36..71]
c  40 splitting 36 out of 501 nodes 7%
c [40 1284] 81.0 sec, 173 MB, 537 nodes +36 -59 s0, vars[179..209..253]
c  40 searching 144 out of 537 nodes 27% limit 7256
c  40 average actual conflicts 6304 median 7256
c  41 simplify  72 out of 499 nodes 14%
c  41 lookahead 36 out of 499 nodes 7% on nodes [36..71]
c  41 splitting 36 out of 499 nodes 7%
c (41 1320) 89.0 sec, 176 MB, 535 nodes +36 -38 s0, vars[155..202..253]
c  41 searching 72 out of 535 nodes 13% limit 14512
c  41 average actual conflicts 4869 median 2862
c  42 simplify  72 out of 468 nodes 15%
c  42 lookahead 36 out of 468 nodes 8% on nodes [36..71]
c  42 splitting 36 out of 468 nodes 8%
c (42 1356) 93.1 sec, 162 MB, 504 nodes +36 -67 s0, vars[173..211..253]
c  42 searching 72 out of 504 nodes 14% limit 5724
c  42 average actual conflicts 5037 median 5724
c  43 simplify  72 out of 483 nodes 15%
c  43 lookahead 36 out of 483 nodes 7% on nodes [36..71]
c  43 splitting 36 out of 483 nodes 7%
c (43 1392) 96.9 sec, 168 MB, 519 nodes +36 -21 s0, vars[140..205..253]
c  43 searching 72 out of 519 nodes 14% limit 5151
c  43 average actual conflicts 4038 median 5151
c  44 simplify  72 out of 485 nodes 15%
c  44 lookahead 36 out of 484 nodes 7% on nodes [36..71]
c  44 splitting 36 out of 484 nodes 7%
c (44 1428) 100.3 sec, 166 MB, 520 nodes +36 -35 s1, vars[154..201..253]
c  44 searching 72 out of 520 nodes 14% limit 4635
c  44 average actual conflicts 4166 median 4635
c  45 simplify  72 out of 500 nodes 14%
c  45 lookahead 36 out of 499 nodes 7% on nodes [36..71]
c  45 splitting 36 out of 499 nodes 7%
c (45 1464) 103.9 sec, 173 MB, 535 nodes +36 -21 s1, vars[164..196..253]
c  45 searching 72 out of 535 nodes 13% limit 4171
c  45 average actual conflicts 2610 median 3062
c  46 simplify  72 out of 488 nodes 15%
c  46 lookahead 36 out of 488 nodes 7% on nodes [36..71]
c  46 splitting 36 out of 488 nodes 7%
c (46 1500) 106.4 sec, 165 MB, 524 nodes +36 -47 s0, vars[151..192..253]
c  46 searching 72 out of 524 nodes 14% limit 6124
c  46 average actual conflicts 2868 median 2430
c  47 simplify  72 out of 466 nodes 15%
c  47 lookahead 36 out of 464 nodes 8% on nodes [36..71]
c  47 splitting 36 out of 464 nodes 8%
c (47 1536) 108.9 sec, 160 MB, 500 nodes +36 -60 s2, vars[173..204..253]
c  47 searching 72 out of 500 nodes 14% limit 4860
c  47 average actual conflicts 3171 median 3068
c  48 simplify  72 out of 446 nodes 16%
c  48 lookahead 36 out of 446 nodes 8% on nodes [36..71]
c  48 splitting 36 out of 446 nodes 8%
c (48 1572) 111.5 sec, 153 MB, 482 nodes +36 -54 s0, vars[162..210..253]
c  48 searching 72 out of 482 nodes 15% limit 6136
c  48 average actual conflicts 5134 median 6136
c  49 simplify  72 out of 459 nodes 16%
c  49 lookahead 36 out of 459 nodes 8% on nodes [36..71]
c  49 splitting 36 out of 459 nodes 8%
c (49 1608) 115.4 sec, 160 MB, 495 nodes +36 -23 s0, vars[151..207..253]
c  49 searching 72 out of 495 nodes 15% limit 5522
c  49 average actual conflicts 3902 median 5513
c  50 simplify  288 out of 458 nodes 63%
c  50 lookahead 36 out of 458 nodes 8% on nodes [36..71]
c  50 splitting 36 out of 458 nodes 8%
c [50 1644] 118.8 sec, 158 MB, 494 nodes +36 -37 s0, vars[186..204..253]
c  50 searching 144 out of 494 nodes 29% limit 11026
c  50 average actual conflicts 8698 median 11026
c  51 simplify  72 out of 429 nodes 17%
c  51 lookahead 36 out of 429 nodes 8% on nodes [36..71]
c  51 splitting 36 out of 429 nodes 8%
c (51 1680) 129.7 sec, 156 MB, 465 nodes +36 -65 s0, vars[156..211..253]
c  51 searching 72 out of 465 nodes 15% limit 22052
c  51 average actual conflicts 7330 median 5727
c  52 simplify  72 out of 400 nodes 18%
c  52 lookahead 36 out of 400 nodes 9% on nodes [36..71]
c  52 splitting 36 out of 400 nodes 9%
c (52 1716) 135.2 sec, 144 MB, 436 nodes +36 -65 s0, vars[189..217..253]
c  52 searching 72 out of 436 nodes 17% limit 11454
c  52 average actual conflicts 11092 median 11454
c  53 simplify  72 out of 431 nodes 17%
c  53 lookahead 36 out of 431 nodes 8% on nodes [36..71]
c  53 splitting 36 out of 431 nodes 8%
c (53 1752) 143.4 sec, 156 MB, 467 nodes +36 -5 s0, vars[174..211..253]
c  53 searching 72 out of 467 nodes 15% limit 10308
c  53 average actual conflicts 8349 median 10308
c  54 simplify  72 out of 437 nodes 16%
c  54 lookahead 36 out of 437 nodes 8% on nodes [36..71]
c  54 splitting 36 out of 437 nodes 8%
c (54 1788) 150.1 sec, 157 MB, 473 nodes +36 -30 s0, vars[178..207..253]
c  54 searching 72 out of 473 nodes 15% limit 9277
c  54 average actual conflicts 6551 median 8274
c  55 simplify  72 out of 432 nodes 17%
c  55 lookahead 36 out of 432 nodes 8% on nodes [36..71]
c  55 splitting 36 out of 432 nodes 8%
c (55 1824) 155.6 sec, 155 MB, 468 nodes +36 -41 s0, vars[179..204..253]
c  55 searching 72 out of 468 nodes 15% limit 16548
c  55 average actual conflicts 8445 median 8290
c  56 simplify  72 out of 404 nodes 18%
c  56 lookahead 36 out of 404 nodes 9% on nodes [36..71]
c  56 splitting 36 out of 404 nodes 9%
c (56 1860) 162.5 sec, 140 MB, 440 nodes +36 -64 s0, vars[170..213..253]
c  56 searching 72 out of 440 nodes 16% limit 16580
c  56 average actual conflicts 11154 median 11494
c  57 simplify  72 out of 394 nodes 18%
c  57 lookahead 36 out of 394 nodes 9% on nodes [36..71]
c  57 splitting 36 out of 394 nodes 9%
c (57 1896) 170.3 sec, 138 MB, 430 nodes +36 -46 s0, vars[155..210..253]
c  57 searching 72 out of 430 nodes 17% limit 22988
c  57 average actual conflicts 17301 median 21108
c  58 simplify  72 out of 389 nodes 19%
c  58 lookahead 36 out of 389 nodes 9% on nodes [36..71]
c  58 splitting 36 out of 389 nodes 9%
c (58 1932) 182.4 sec, 140 MB, 425 nodes +36 -41 s0, vars[183..210..253]
c  58 searching 72 out of 425 nodes 17% limit 42216
c  58 average actual conflicts 18690 median 17571
c  59 simplify  72 out of 359 nodes 20%
c  59 lookahead 36 out of 359 nodes 10% on nodes [36..71]
c  59 splitting 36 out of 359 nodes 10%
c (59 1968) 195.6 sec, 133 MB, 395 nodes +36 -66 s0, vars[172..221..253]
c  59 searching 72 out of 395 nodes 18% limit 35142
c  59 average actual conflicts 29334 median 35142
c  60 simplify  288 out of 374 nodes 77%
c  60 lookahead 36 out of 374 nodes 10% on nodes [36..71]
c  60 splitting 36 out of 374 nodes 10%
c [60 2004] 216.3 sec, 139 MB, 410 nodes +36 -21 s0, vars[167..215..253]
c  60 searching 144 out of 410 nodes 35% limit 31627
c  60 average actual conflicts 25095 median 31627
c  61 simplify  72 out of 351 nodes 21%
c  61 lookahead 36 out of 351 nodes 10% on nodes [36..71]
c  61 splitting 36 out of 351 nodes 10%
c (61 2040) 251.8 sec, 144 MB, 387 nodes +36 -59 s0, vars[178..215..253]
c  61 searching 72 out of 387 nodes 19% limit 63254
c  61 average actual conflicts 19959 median 16895
c  62 simplify  72 out of 316 nodes 23%
c  62 lookahead 36 out of 316 nodes 11% on nodes [36..71]
c  62 splitting 36 out of 316 nodes 11%
c (62 2076) 267.9 sec, 124 MB, 352 nodes +36 -71 s0, vars[183..225..253]
c  62 searching 72 out of 352 nodes 20% limit 33790
c  62 average actual conflicts 30423 median 33790
c  63 simplify  72 out of 328 nodes 22%
c  63 lookahead 36 out of 328 nodes 11% on nodes [36..71]
c  63 splitting 36 out of 328 nodes 11%
c (63 2112) 292.1 sec, 130 MB, 364 nodes +36 -24 s0, vars[195..220..253]
c  63 searching 72 out of 364 nodes 20% limit 30411
c  63 average actual conflicts 24554 median 30411
c  64 simplify  72 out of 341 nodes 21%
c  64 lookahead 36 out of 341 nodes 11% on nodes [36..71]
c  64 splitting 36 out of 341 nodes 11%
c (64 2148) 311.3 sec, 138 MB, 377 nodes +36 -23 s0, vars[195..216..253]
c  64 searching 72 out of 377 nodes 19% limit 27369
c  64 average actual conflicts 20547 median 27369
c  65 simplify  72 out of 343 nodes 21%
c  65 lookahead 36 out of 342 nodes 11% on nodes [36..71]
c  65 splitting 36 out of 342 nodes 11%
c (65 2184) 327.4 sec, 134 MB, 378 nodes +35 -35 s1, vars[187..212..253]
c  65 searching 72 out of 378 nodes 19% limit 24632
c  65 average actual conflicts 17286 median 18720
c  66 simplify  72 out of 335 nodes 21%
c  66 lookahead 36 out of 335 nodes 11% on nodes [36..71]
c  66 splitting 36 out of 335 nodes 11%
c (66 2220) 340.6 sec, 131 MB, 371 nodes +36 -43 s0, vars[184..209..253]
c  66 searching 72 out of 371 nodes 19% limit 37440
c  66 average actual conflicts 20609 median 20165
c  67 simplify  72 out of 305 nodes 24%
c  67 lookahead 36 out of 305 nodes 12% on nodes [36..71]
c  67 splitting 36 out of 305 nodes 12%
c (67 2256) 356.7 sec, 118 MB, 341 nodes +36 -66 s0, vars[184..221..253]
c  67 searching 72 out of 341 nodes 21% limit 40330
c  67 average actual conflicts 25362 median 25278
c  68 simplify  72 out of 295 nodes 24%
c  68 lookahead 36 out of 295 nodes 12% on nodes [36..71]
c  68 splitting 36 out of 295 nodes 12%
c (68 2292) 375.3 sec, 115 MB, 331 nodes +36 -46 s0, vars[193..222..253]
c  68 searching 72 out of 331 nodes 22% limit 50556
c  68 average actual conflicts 40588 median 50556
c  69 simplify  72 out of 302 nodes 24%
c  69 lookahead 36 out of 302 nodes 12% on nodes [36..71]
c  69 splitting 36 out of 302 nodes 12%
c (69 2328) 406.2 sec, 123 MB, 338 nodes +36 -29 s0, vars[194..218..253]
c  69 searching 72 out of 338 nodes 21% limit 45500
c  69 average actual conflicts 28868 median 28097
c  70 simplify  288 out of 290 nodes 99%
c  70 lookahead 36 out of 290 nodes 12% on nodes [36..71]
c  70 splitting 36 out of 290 nodes 12%
c [70 2364] 430.4 sec, 113 MB, 326 nodes +36 -48 s0, vars[187..218..253]
c  70 searching 144 out of 326 nodes 44% limit 56194
c  70 average actual conflicts 42182 median 56194
c  71 simplify  72 out of 255 nodes 28%
c  71 lookahead 36 out of 255 nodes 14% on nodes [36..71]
c  71 splitting 36 out of 255 nodes 14%
c (71 2400) 491.7 sec, 113 MB, 291 nodes +36 -71 s0, vars[160..230..253]
c  71 searching 72 out of 291 nodes 25% limit 100000
c  71 average actual conflicts 55349 median 45663
c  72 simplify  72 out of 240 nodes 30%
c  72 lookahead 36 out of 240 nodes 15% on nodes [36..71]
c  72 splitting 36 out of 240 nodes 15%
c (72 2436) 541.8 sec, 109 MB, 276 nodes +36 -51 s0, vars[196..228..253]
c  72 searching 72 out of 276 nodes 26% limit 91326
c  72 average actual conflicts 75718 median 91326
c  73 simplify  72 out of 249 nodes 29%
c  73 lookahead 36 out of 249 nodes 14% on nodes [36..71]
c  73 splitting 36 out of 249 nodes 14%
c (73 2472) 611.6 sec, 111 MB, 285 nodes +36 -27 s0, vars[184..227..253]
c  73 searching 72 out of 285 nodes 25% limit 82193
c  73 average actual conflicts 55859 median 73862
c  74 simplify  72 out of 246 nodes 29%
c  74 lookahead 36 out of 246 nodes 15% on nodes [36..71]
c  74 splitting 36 out of 246 nodes 15%
c (74 2508) 662.8 sec, 110 MB, 282 nodes +36 -39 s0, vars[212..223..253]
c  74 searching 72 out of 282 nodes 26% limit 100000
c  74 average actual conflicts 57224 median 52398
c  75 simplify  72 out of 222 nodes 32%
c  75 lookahead 36 out of 222 nodes 16% on nodes [36..71]
c  75 splitting 36 out of 222 nodes 16%
c (75 2544) 684.3 sec, 99 MB, 258 nodes +36 -60 s0, vars[203..229..253]
c  75 searching 72 out of 258 nodes 28% limit 100000
c  75 average actual conflicts 72770 median 79261
c  76 simplify  72 out of 207 nodes 35%
c  76 lookahead 36 out of 207 nodes 17% on nodes [36..71]
c  76 splitting 36 out of 207 nodes 17%
c (76 2580) 711.6 sec, 93 MB, 243 nodes +36 -51 s0, vars[195..231..253]
c  76 searching 72 out of 243 nodes 30% limit 100000
c  76 average actual conflicts 81645 median 100000
c  77 simplify  72 out of 221 nodes 33%
c  77 lookahead 36 out of 221 nodes 16% on nodes [36..71]
c  77 splitting 36 out of 221 nodes 16%
c (77 2616) 742.0 sec, 102 MB, 257 nodes +36 -22 s0, vars[199..227..253]
c  77 searching 72 out of 257 nodes 28% limit 90000
c  77 average actual conflicts 66230 median 89726
c  78 simplify  72 out of 219 nodes 33%
c  78 lookahead 36 out of 219 nodes 16% on nodes [36..71]
c  78 splitting 36 out of 219 nodes 16%
c (78 2652) 790.9 sec, 104 MB, 255 nodes +36 -38 s0, vars[203..225..253]
c  78 searching 72 out of 255 nodes 28% limit 100000
c  78 average actual conflicts 76235 median 97456
c  79 simplify  72 out of 217 nodes 33%
c  79 lookahead 36 out of 217 nodes 17% on nodes [36..71]
c  79 splitting 36 out of 217 nodes 17%
c (79 2688) 851.7 sec, 106 MB, 253 nodes +36 -38 s0, vars[210..221..253]
c  79 searching 72 out of 253 nodes 28% limit 100000
c  79 average actual conflicts 65513 median 84432
c  80 simplify  206 out of 206 nodes 100%
c  80 lookahead 36 out of 206 nodes 17% on nodes [36..71]
c  80 splitting 36 out of 206 nodes 17%
c [80 2724] 901.2 sec, 95 MB, 242 nodes +36 -47 s0, vars[174..220..253]
c  80 searching 144 out of 242 nodes 60% limit 100000
c  80 average actual conflicts 69374 median 86087
c  81 simplify  72 out of 163 nodes 44%
c  81 lookahead 36 out of 163 nodes 22% on nodes [36..71]
c  81 splitting 36 out of 163 nodes 22%
c (81 2760) 1000.0 sec, 93 MB, 199 nodes +36 -79 s0, vars[196..240..253]
c  81 searching 72 out of 199 nodes 36% limit 100000
c  81 average actual conflicts 82970 median 100000
c  82 simplify  72 out of 182 nodes 40%
c  82 lookahead 36 out of 182 nodes 20% on nodes [36..71]
c  82 splitting 36 out of 182 nodes 20%
c (82 2796) 1069.0 sec, 107 MB, 218 nodes +36 -17 s0, vars[214..236..253]
c  82 searching 72 out of 218 nodes 33% limit 90000
c  82 average actual conflicts 81330 median 90000
c  83 simplify  72 out of 204 nodes 35%
c  83 lookahead 36 out of 204 nodes 18% on nodes [36..71]
c  83 splitting 36 out of 204 nodes 18%
c (83 2832) 1141.2 sec, 128 MB, 240 nodes +36 -14 s0, vars[197..232..253]
c  83 searching 72 out of 240 nodes 30% limit 81000
c  83 average actual conflicts 67935 median 81000
c  84 simplify  72 out of 219 nodes 33%
c  84 lookahead 36 out of 219 nodes 16% on nodes [36..71]
c  84 splitting 36 out of 219 nodes 16%
c (84 2868) 1204.0 sec, 140 MB, 255 nodes +36 -21 s0, vars[200..229..253]
c  84 searching 72 out of 255 nodes 28% limit 72900
c  84 average actual conflicts 56862 median 72900
c  85 simplify  72 out of 223 nodes 32%
c  85 lookahead 36 out of 223 nodes 16% on nodes [36..71]
c  85 splitting 36 out of 223 nodes 16%
c (85 2904) 1256.5 sec, 144 MB, 259 nodes +36 -32 s0, vars[196..226..253]
c  85 searching 72 out of 259 nodes 28% limit 65610
c  85 average actual conflicts 50774 median 61032
c  86 simplify  72 out of 221 nodes 33%
c  86 lookahead 36 out of 221 nodes 16% on nodes [36..71]
c  86 splitting 36 out of 221 nodes 16%
c (86 2940) 1304.1 sec, 136 MB, 257 nodes +36 -38 s0, vars[184..222..253]
c  86 searching 72 out of 257 nodes 28% limit 100000
c  86 average actual conflicts 44924 median 45359
c  87 simplify  72 out of 190 nodes 38%
c  87 lookahead 36 out of 190 nodes 19% on nodes [36..71]
c  87 splitting 36 out of 190 nodes 19%
c (87 2976) 1344.0 sec, 111 MB, 226 nodes +36 -67 s0, vars[188..230..253]
c  87 searching 72 out of 226 nodes 32% limit 90718
c  87 average actual conflicts 64333 median 67698
c  88 simplify  72 out of 180 nodes 40%
c  88 lookahead 36 out of 180 nodes 20% on nodes [36..71]
c  88 splitting 36 out of 180 nodes 20%
c (88 3012) 1400.8 sec, 104 MB, 216 nodes +36 -46 s0, vars[205..227..253]
c  88 searching 72 out of 216 nodes 33% limit 100000
c  88 average actual conflicts 75825 median 100000
c  89 simplify  72 out of 183 nodes 39%
c  89 lookahead 36 out of 183 nodes 20% on nodes [36..71]
c  89 splitting 36 out of 183 nodes 20%
c (89 3048) 1464.3 sec, 101 MB, 219 nodes +36 -33 s0, vars[213..225..253]
c  89 searching 72 out of 219 nodes 33% limit 90000
c  89 average actual conflicts 74844 median 90000
c  90 simplify  189 out of 189 nodes 100%
c  90 lookahead 36 out of 189 nodes 19% on nodes [36..71]
c  90 splitting 36 out of 189 nodes 19%
c [90 3084] 1533.1 sec, 107 MB, 225 nodes +36 -30 s0, vars[176..222..253]
c  90 searching 144 out of 225 nodes 64% limit 81000
c  90 average actual conflicts 63191 median 81000
c  91 simplify  72 out of 155 nodes 46%
c  91 lookahead 36 out of 155 nodes 23% on nodes [36..71]
c  91 splitting 36 out of 155 nodes 23%
c (91 3120) 1628.9 sec, 100 MB, 191 nodes +36 -70 s0, vars[188..237..253]
c  91 searching 72 out of 191 nodes 38% limit 100000
c  91 average actual conflicts 57698 median 49789
c  92 simplify  72 out of 145 nodes 50%
c  92 lookahead 36 out of 145 nodes 25% on nodes [36..71]
c  92 splitting 36 out of 145 nodes 25%
c (92 3156) 1679.3 sec, 95 MB, 181 nodes +36 -46 s0, vars[209..238..253]
c  92 searching 72 out of 181 nodes 40% limit 99578
c  92 average actual conflicts 92645 median 99578
c  93 simplify  72 out of 171 nodes 42%
c  93 lookahead 36 out of 171 nodes 21% on nodes [36..71]
c  93 splitting 36 out of 171 nodes 21%
c (93 3192) 1758.9 sec, 117 MB, 207 nodes +36 -10 s0, vars[211..232..253]
c  93 searching 72 out of 207 nodes 35% limit 89620
c  93 average actual conflicts 81812 median 89620
c  94 simplify  72 out of 192 nodes 38%
c  94 lookahead 36 out of 192 nodes 19% on nodes [36..71]
c  94 splitting 36 out of 192 nodes 19%
c (94 3228) 1834.6 sec, 128 MB, 228 nodes +36 -15 s0, vars[210..227..253]
c  94 searching 72 out of 228 nodes 32% limit 80658
c  94 average actual conflicts 64177 median 80658
c  95 simplify  72 out of 196 nodes 37%
c  95 lookahead 36 out of 196 nodes 18% on nodes [36..71]
c  95 splitting 36 out of 196 nodes 18%
c (95 3264) 1866.0 sec, 132 MB, 232 nodes +36 -32 s0, vars[206..224..253]
c  95 searching 72 out of 232 nodes 31% limit 72592
c  95 average actual conflicts 51395 median 61131
c  96 simplify  72 out of 191 nodes 38%
c  96 lookahead 36 out of 191 nodes 19% on nodes [36..71]
c  96 splitting 36 out of 191 nodes 19%
c (96 3300) 1888.7 sec, 123 MB, 227 nodes +36 -41 s0, vars[204..220..253]
c  96 searching 72 out of 227 nodes 32% limit 100000
c  96 average actual conflicts 43776 median 34607
c  97 simplify  72 out of 160 nodes 45%
c  97 lookahead 36 out of 160 nodes 22% on nodes [36..71]
c  97 splitting 36 out of 160 nodes 22%
c (97 3336) 1907.7 sec, 102 MB, 196 nodes +36 -67 s0, vars[205..228..253]
c  97 searching 72 out of 196 nodes 37% limit 69214
c  97 average actual conflicts 60303 median 69214
c  98 simplify  72 out of 173 nodes 42%
c  98 lookahead 36 out of 173 nodes 21% on nodes [36..71]
c  98 splitting 36 out of 173 nodes 21%
c (98 3372) 1940.5 sec, 109 MB, 209 nodes +36 -23 s0, vars[193..223..253]
c  98 searching 72 out of 209 nodes 34% limit 62292
c  98 average actual conflicts 42236 median 42844
c  99 simplify  72 out of 165 nodes 44%
c  99 lookahead 36 out of 164 nodes 22% on nodes [36..71]
c  99 splitting 36 out of 164 nodes 22%
c (99 3408) 1978.4 sec, 100 MB, 200 nodes +36 -45 s1, vars[189..222..253]
c  99 searching 72 out of 200 nodes 36% limit 85688
c  99 average actual conflicts 56740 median 61031
c  100 simplify  147 out of 147 nodes 100%
c  100 lookahead 36 out of 147 nodes 24% on nodes [36..71]
c  100 splitting 36 out of 147 nodes 24%
c [100 3444] 2027.4 sec, 85 MB, 183 nodes +36 -53 s0, vars[188..229..253]
c  100 searching 144 out of 183 nodes 79% limit 100000
c  100 average actual conflicts 84502 median 100000
c  101 simplify  72 out of 130 nodes 55%
c  101 lookahead 36 out of 130 nodes 28% on nodes [36..71]
c  101 splitting 36 out of 130 nodes 28%
c (101 3480) 2151.6 sec, 97 MB, 166 nodes +36 -53 s0, vars[199..235..253]
c  101 searching 72 out of 166 nodes 43% limit 100000
c  101 average actual conflicts 74133 median 100000
c  102 simplify  72 out of 135 nodes 53%
c  102 lookahead 36 out of 135 nodes 27% on nodes [36..71]
c  102 splitting 36 out of 135 nodes 27%
c (102 3516) 2212.9 sec, 105 MB, 171 nodes +36 -31 s0, vars[189..237..253]
c  102 searching 72 out of 171 nodes 42% limit 90000
c  102 average actual conflicts 67376 median 90000
c  103 simplify  72 out of 136 nodes 53%
c  103 lookahead 36 out of 136 nodes 26% on nodes [36..71]
c  103 splitting 36 out of 136 nodes 26%
c (103 3552) 2270.5 sec, 98 MB, 172 nodes +36 -35 s0, vars[197..233..253]
c  103 searching 72 out of 172 nodes 42% limit 81000
c  103 average actual conflicts 72019 median 81000
c  104 simplify  72 out of 159 nodes 45%
c  104 lookahead 36 out of 159 nodes 23% on nodes [36..71]
c  104 splitting 36 out of 159 nodes 23%
c (104 3588) 2332.8 sec, 117 MB, 195 nodes +36 -13 s0, vars[210..228..253]
c  104 searching 72 out of 195 nodes 37% limit 72900
c  104 average actual conflicts 63680 median 72900
c  105 simplify  72 out of 180 nodes 40%
c  105 lookahead 36 out of 180 nodes 20% on nodes [36..71]
c  105 splitting 36 out of 180 nodes 20%
c (105 3624) 2389.7 sec, 140 MB, 216 nodes +36 -15 s0, vars[181..225..253]
c  105 searching 72 out of 216 nodes 33% limit 65610
c  105 average actual conflicts 49208 median 58807
c  106 simplify  72 out of 171 nodes 42%
c  106 lookahead 36 out of 171 nodes 21% on nodes [36..71]
c  106 splitting 36 out of 171 nodes 21%
c (106 3660) 2435.5 sec, 133 MB, 207 nodes +36 -45 s0, vars[181..222..253]
c  106 searching 72 out of 207 nodes 35% limit 100000
c  106 average actual conflicts 44107 median 38006
c  107 simplify  72 out of 141 nodes 51%
c  107 lookahead 36 out of 141 nodes 26% on nodes [36..71]
c  107 splitting 36 out of 141 nodes 26%
c (107 3696) 2477.3 sec, 106 MB, 177 nodes +36 -66 s0, vars[187..227..253]
c  107 searching 72 out of 177 nodes 41% limit 76012
c  107 average actual conflicts 61866 median 68511
c  108 simplify  72 out of 136 nodes 53%
c  108 lookahead 36 out of 136 nodes 26% on nodes [36..71]
c  108 splitting 36 out of 136 nodes 26%
c (108 3732) 2529.4 sec, 88 MB, 172 nodes +36 -41 s0, vars[186..224..253]
c  108 searching 72 out of 172 nodes 42% limit 100000
c  108 average actual conflicts 62884 median 64110
c  109 simplify  72 out of 120 nodes 60%
c  109 lookahead 36 out of 120 nodes 30% on nodes [36..71]
c  109 splitting 36 out of 120 nodes 30%
c (109 3768) 2582.6 sec, 80 MB, 156 nodes +36 -52 s0, vars[190..226..253]
c  109 searching 72 out of 156 nodes 46% limit 100000
c  109 average actual conflicts 59852 median 64848
c  110 simplify  95 out of 95 nodes 100%
c  110 lookahead 36 out of 95 nodes 38% on nodes [36..71]
c  110 splitting 36 out of 95 nodes 38%
c [110 3804] 2629.7 sec, 71 MB, 131 nodes +36 -61 s0, vars[202..245..253]
c  110 searching 131 out of 131 nodes 100% limit 100000
c  110 average actual conflicts 92530 median 100000
c  111 simplify  72 out of 116 nodes 62%
c  111 lookahead 36 out of 116 nodes 31% on nodes [36..71]
c  111 splitting 36 out of 116 nodes 31%
c (111 3840) 2752.9 sec, 122 MB, 152 nodes +36 -15 s0, vars[224..239..253]
c  111 searching 72 out of 152 nodes 47% limit 90000
c  111 average actual conflicts 32799 median 2538
c winner [2 3837] satisfiable in round 111 after 3840 nodes and 2778.76 seconds
s SATISFIABLE
v 1 2 3 -4 5 -6 7 8 9 10 -11 12 -13 14 -15 16 17 18 -19 20 21 -22 23 -24 25
v -26 -27 -28 -29 -30 31 -32 -33 34 -35 36 37 38 -39 -40 -41 42 43 44 45
v -46 47 48 -49 50 51 -52 -53 54 -55 56 57 -58 -59 -60 61 -62 -63 -64 65 66
v 67 68 69 70 71 72 73 74 75 76 77 78 79 80 81 82 83 84 85 86 87 88 89 90
v 91 92 93 94 95 96 -97 98 -99 100 -101 102 -103 104 -105 106 -107 108 -109
v 110 -111 112 -113 114 -115 116 -117 118 -119 120 121 122 -123 124 -125
v 126 -127 128 129 -130 -131 -132 -133 -134 -135 -136 -137 -138 -139 -140
v -141 -142 -143 -144 -145 -146 -147 -148 -149 -150 -151 -152 -153 -154
v -155 -156 -157 -158 -159 -160 -161 -162 -163 -164 -165 -166 -167 -168
v -169 -170 -171 -172 -173 -174 -175 -176 -177 -178 -179 -180 -181 -182
v -183 -184 -185 -186 -187 -188 -189 -190 -191 -192 -193 -194 -195 -196
v -197 -198 -199 -200 -201 -202 -203 -204 -205 -206 -207 -208 -209 -210
v -211 -212 -213 -214 -215 -216 -217 -218 -219 -220 -221 -222 -223 -224
v -225 -226 -227 -228 -229 -230 -231 -232 -233 -234 -235 -236 -237 -238
v -239 -240 -241 -242 -243 -244 -245 -246 -247 -248 -249 -250 -251 -252
v -253 -254 -255 -256 -257 -258 -259 -260 -261 -262 -263 -264 -265 -266
v -267 -268 -269 -270 -271 -272 -273 -274 -275 -276 -277 -278 -279 -280
v -281 -282 -283 -284 -285 -286 -287 -288 -289 -290 -291 -292 -293 -294
v -295 -296 -297 -298 -299 -300 -301 -302 -303 -304 -305 -306 -307 -308
v -309 -310 -311 -312 -313 -314 -315 -316 -317 -318 -319 -320 -321 -322
v -323 -324 -325 -326 -327 -328 -329 -330 -331 -332 -333 -334 -335 -336
v -337 -338 -339 -340 -341 -342 -343 -344 -345 -346 -347 -348 -349 -350
v -351 -352 -353 -354 -355 -356 -357 -358 -359 -360 -361 -362 -363 -364
v -365 -366 -367 -368 -369 -370 -371 -372 -373 -374 -375 -376 377 -378 -379
v -380 -381 -382 -383 -384 385 386 387 388 -389 -390 -391 392 393 394 -395
v 396 -397 398 -399 400 401 402 -403 404 405 -406 407 -408 409 -410 -411
v -412 -413 -414 415 -416 -417 -418 419 -420 -421 422 -423 424 -425 -426
v 427 -428 429 430 -431 -432 -433 434 435 -436 -437 438 -439 -440 -441 -442
v -443 -444 445 -446 447 448 -449 -450 451 -452 453 -454 455 456 -457 -458
v -459 460 -461 462 -463 464 465 466 -467 -468 469 470 -471 472 -473 474
v 475 -476 477 -478 479 -480 -481 482 -483 484 -485 486 -487 488 -489 490
v -491 492 -493 494 -495 496 -497 498 -499 500 -501 502 -503 504 505 506
v -507 508 -509 510 -511 512 -513 -514 -515 -516 -517 -518 -519 -520 -521
v -522 -523 -524 -525 -526 -527 -528 -529 -530 -531 -532 -533 -534 -535
v -536 -537 -538 -539 -540 -541 -542 -543 -544 -545 -546 547 548 549 550
v -551 552 -553 554 555 556 557 558 559 560 561 562 -563 564 565 566 -567
v 568 569 570 571 572 573 -574 575 -576 577 -578 579 -580 581 582 -583 584
v -585 -586 587 -588 589 -590 -591 592 -593 -594 595 -596 -597 -598 599
v -600 -601 602 -603 604 -605 606 -607 -608 -609 610 -611 -612 613 -614
v -615 -616 617 618 -619 -620 621 -622 623 624 625 626 627 628 629 630 631
v 632 633 -634 -635 -636 637 -638 639 -640 641 642 -643 644 -645 646 -647
v -648 -649 -650 -651 -652 653 -654 -655 -656 -657 658 659 660 661 -662
v -663 -664 665 -666 -667 668 669 -670 -671 -672 -673 -674 -675 -676 -677
v -678 -679 -680 681 -682 -683 684 -685 -686 -687 -688 689 -690 -691 -692
v -693 -694 695 -696 697 -698 699 -700 701 -702 703 -704 705 706 707 708
v 709 710 711 712 713 714 715 716 717 718 719 720 721 722 723 724 725 726
v 727 728 729 730 731 732 733 734 735 736 -737 -738 -739 740 -741 742 -743
v -744 -745 746 747 -748 749 -750 751 -752 753 -754 755 756 757 758 -759
v -760 761 -762 763 764 -765 -766 -767 768 -769 -770 -771 772 -773 774 -775
v -776 -777 -778 779 -780 781 -782 783 -784 -785 -786 787 -788 -789 790
v -791 792 -793 794 795 796 797 798 -799 800 -801 -802 803 -804 -805 806
v -807 808 -809 -810 811 -812 813 814 -815 -816 -817 818 819 -820 -821 822
v -823 -824 -825 -826 -827 -828 829 -830 831 832 -833 -834 835 -836 837
v -838 839 840 -841 -842 843 844 845 846 -847 848 -849 850 -851 852 -853
v 854 -855 856 -857 -858 859 860 861 862 863 -864 -865 866 -867 868 -869
v 870 -871 872 -873 874 -875 876 -877 878 -879 880 -881 882 -883 884 -885
v 886 -887 888 889 890 -891 892 -893 894 -895 896 -897 898 899 900 901 902
v 903 904 905 906 907 908 909 910 911 912 913 914 915 916 917 918 919 920
v 921 922 923 924 925 926 927 928 -929 930 931 932 933 -934 -935 936 -937
v 938 -939 940 -941 942 943 944 -945 -946 -947 -948 -949 -950 -951 952 953
v -954 -955 -956 -957 -958 959 960 961 962 -963 964 -965 966 -967 -968 969
v 970 -971 -972 -973 -974 975 -976 977 -978 979 -980 981 -982 983 -984 985
v 986 -987 -988 -989 -990 -991 992 -993 -994 -995 -996 -997 -998 -999 -1000
v -1001 -1002 -1003 -1004 -1005 -1006 -1007 -1008 -1009 -1010 -1011 -1012
v -1013 -1014 -1015 -1016 -1017 -1018 -1019 -1020 -1021 -1022 -1023 -1024
v 1025 1026 1027 1028 1029 1030 1031 1032 1033 1034 1035 1036 1037 1038
v 1039 1040 1041 1042 1043 1044 1045 1046 1047 1048 1049 1050 1051 1052
v 1053 1054 1055 1056 -1057 1058 1059 1060 1061 -1062 -1063 1064 -1065 1066
v -1067 1068 -1069 1070 1071 1072 -1073 -1074 -1075 -1076 -1077 -1078 -1079
v 1080 1081 -1082 -1083 -1084 -1085 -1086 1087 1088 1089 1090 -1091 1092
v -1093 1094 -1095 -1096 1097 1098 -1099 -1100 -1101 -1102 1103 -1104 1105
v -1106 1107 -1108 1109 -1110 1111 -1112 1113 1114 -1115 -1116 -1117 -1118
v -1119 1120 -1121 -1122 -1123 -1124 -1125 -1126 -1127 -1128 -1129 -1130
v -1131 -1132 -1133 -1134 -1135 -1136 -1137 -1138 -1139 -1140 -1141 -1142
v -1143 -1144 1145 -1146 -1147 -1148 -1149 -1150 -1151 -1152 1153 1154
v -1155 1156 1157 -1158 1159 -1160 -1161 -1162 1163 -1164 -1165 -1166 1167
v -1168 -1169 1170 -1171 1172 1173 1174 -1175 1176 1177 1178 1179 -1180
v -1181 1182 -1183 1184 -1185 1186 1187 1188 1189 1190 -1191 -1192 -1193
v 1194 1195 -1196 1197 -1198 1199 -1200 -1201 -1202 -1203 1204 1205 1206
v 1207 -1208 -1209 1210 1211 -1212 1213 1214 -1215 1216 -1217 -1218 -1219
v 1220 1221 1222 1223 -1224 1225 -1226 1227 1228 1229 1230 1231 1232 1233
v -1234 1235 1236 -1237 1238 1239 1240 1241 -1242 1243 1244 1245 1246 -1247
v -1248 -1249 -1250 -1251 1252 1253 1254 -1255 1256 1257 -1258 -1259 1260
v 1261 1262 1263 -1264 1265 -1266 1267 -1268 1269 -1270 1271 -1272 -1273
v 1274 -1275 1276 1277 1278 1279 1280 -1281 -1282 1283 -1284 1285 -1286
v 1287 1288 1289 1290 1291 1292 -1293 1294 1295 1296 1297 -1298 -1299 -1300
v -1301 1302 1303 1304 -1305 1306 1307 -1308 -1309 1310 1311 1312 -1313
v 1314 1315 -1316 -1317 1318 -1319 -1320 -1321 -1322 1323 1324 1325 -1326
v -1327 1328 1329 -1330 1331 -1332 -1333 1334 1335 1336 1337 -1338 -1339
v 1340 1341 1342 -1343 -1344 1345 -1346 -1347 1348 1349 -1350 -1351 -1352
v 1353 -1354 -1355 -1356 -1357 -1358 1359 1360 -1361 1362 -1363 1364 1365
v -1366 -1367 -1368 1369 -1370 -1371 -1372 -1373 -1374 1375 -1376 -1377
v -1378 -1379 -1380 -1381 -1382 -1383 -1384 -1385 -1386 -1387 -1388 -1389
v -1390 -1391 -1392 -1393 -1394 -1395 -1396 -1397 -1398 -1399 -1400 -1401
v -1402 -1403 -1404 -1405 -1406 -1407 -1408 1409 1410 1411 1412 1413 1414
v 1415 1416 1417 1418 1419 1420 1421 1422 1423 1424 1425 1426 1427 1428
v 1429 1430 1431 1432 1433 1434 1435 1436 1437 1438 1439 1440 -1441 1442
v -1443 1444 1445 -1446 -1447 1448 1449 1450 -1451 1452 -1453 1454 1455
v -1456 1457 1458 1459 1460 1461 -1462 -1463 -1464 1465 1466 -1467 -1468
v 1469 1470 -1471 -1472 1473 1474 -1475 -1476 1477 -1478 1479 -1480 -1481
v 1482 -1483 1484 -1485 1486 -1487 1488 1489 -1490 -1491 -1492 -1493 1494
v -1495 1496 -1497 -1498 1499 -1500 1501 -1502 -1503 1504 -1505 1506 -1507
v 1508 1509 1510 -1511 -1512 1513 -1514 1515 -1516 -1517 -1518 -1519 1520
v -1521 1522 -1523 -1524 -1525 -1526 1527 1528 -1529 -1530 1531 1532 1533
v -1534 1535 1536 -1537 -1538 -1539 -1540 1541 1542 1543 -1544 -1545 -1546
v 1547 -1548 1549 -1550 1551 -1552 -1553 -1554 1555 -1556 -1557 1558 -1559
v 1560 -1561 1562 1563 1564 1565 1566 -1567 1568 -1569 -1570 1571 -1572
v -1573 1574 -1575 1576 -1577 -1578 1579 -1580 1581 1582 -1583 -1584 -1585
v 1586 1587 -1588 -1589 1590 -1591 -1592 -1593 -1594 -1595 -1596 1597 -1598
v 1599 1600 -1601 -1602 1603 -1604 1605 -1606 1607 1608 -1609 -1610 1611
v 1612 1613 1614 -1615 1616 -1617 1618 -1619 1620 -1621 1622 -1623 1624
v -1625 -1626 1627 1628 1629 1630 1631 -1632 -1633 1634 -1635 1636 -1637
v 1638 -1639 1640 -1641 1642 -1643 1644 -1645 1646 -1647 1648 -1649 1650
v -1651 1652 -1653 1654 -1655 1656 1657 1658 -1659 1660 -1661 1662 -1663
v 1664 -1665 -1666 -1667 -1668 -1669 -1670 -1671 -1672 -1673 -1674 -1675
v -1676 -1677 -1678 -1679 -1680 -1681 -1682 -1683 -1684 -1685 -1686 -1687
v -1688 -1689 -1690 -1691 -1692 -1693 -1694 -1695 -1696 -1697 1698 1699
v 1700 1701 1702 1703 1704 1705 1706 1707 1708 1709 1710 1711 1712 1713
v 1714 1715 1716 1717 1718 1719 1720 1721 1722 1723 1724 1725 1726 1727
v 1728 -1729 1730 1731 1732 1733 -1734 -1735 1736 -1737 1738 -1739 1740
v -1741 1742 1743 1744 -1745 -1746 -1747 -1748 -1749 -1750 -1751 1752 1753
v -1754 -1755 -1756 -1757 -1758 1759 1760 1761 1762 -1763 1764 -1765 1766
v -1767 -1768 1769 1770 -1771 -1772 -1773 -1774 1775 -1776 1777 -1778 1779
v -1780 1781 -1782 1783 -1784 1785 1786 -1787 -1788 -1789 -1790 -1791 1792
v 1793 1794 1795 1796 1797 1798 1799 1800 1801 1802 1803 1804 1805 1806
v 1807 1808 1809 1810 1811 1812 1813 1814 1815 1816 1817 1818 1819 1820
v 1821 1822 1823 1824 -1825 -1826 1827 1828 -1829 -1830 -1831 -1832 -1833
v 1834 1835 -1836 1837 1838 1839 1840 -1841 -1842 1843 -1844 1845 -1846
v 1847 -1848 1849 1850 1851 -1852 -1853 -1854 -1855 -1856 -1857 1858 -1859
v 1860 1861 -1862 -1863 -1864 -1865 -1866 1867 1868 1869 -1870 1871 -1872
v 1873 -1874 -1875 1876 1877 -1878 -1879 -1880 -1881 1882 -1883 1884 -1885
v 1886 -1887 1888 -1889 -1890 -1891 1892 -1893 -1894 -1895 -1896 -1897
v -1898 -1899 -1900 -1901 -1902 -1903 -1904 -1905 -1906 -1907 -1908 -1909
v -1910 -1911 -1912 -1913 -1914 -1915 -1916 -1917 -1918 -1919 -1920 1921
v 1922 -1923 -1924 -1925 1926 1927 -1928 -1929 -1930 1931 -1932 -1933 -1934
v 1935 -1936 -1937 1938 -1939 1940 1941 1942 -1943 1944 1945 1946 1947
v -1948 -1949 1950 -1951 1952 -1953 1954 1955 1956 1957 1958 -1959 -1960
v -1961 1962 1963 -1964 1965 -1966 1967 -1968 -1969 -1970 -1971 1972 1973
v 1974 1975 -1976 -1977 1978 1979 -1980 1981 1982 -1983 1984 -1985 -1986
v -1987 1988 1989 1990 1991 -1992 1993 -1994 1995 1996 1997 1998 1999 2000
v 2001 -2002 2003 2004 -2005 2006 2007 2008 2009 -2010 2011 2012 2013 2014
v -2015 -2016 -2017 -2018 -2019 2020 2021 2022 -2023 2024 2025 -2026 -2027
v 2028 2029 2030 2031 -2032 2033 -2034 2035 -2036 2037 -2038 2039 -2040
v -2041 2042 -2043 2044 2045 2046 2047 2048 -2049 -2050 -2051 -2052 -2053
v -2054 -2055 -2056 -2057 -2058 -2059 -2060 -2061 -2062 -2063 -2064 -2065
v -2066 -2067 -2068 -2069 -2070 -2071 -2072 -2073 -2074 -2075 -2076 -2077
v -2078 -2079 -2080 -2081 -2082 2083 -2084 2085 -2086 2087 2088 2089 2090
v 2091 2092 -2093 2094 2095 2096 2097 -2098 -2099 -2100 -2101 2102 2103
v 2104 -2105 2106 2107 -2108 -2109 2110 2111 2112 -2113 2114 2115 -2116
v -2117 2118 -2119 -2120 -2121 -2122 2123 2124 2125 -2126 -2127 2128 2129
v -2130 2131 -2132 -2133 2134 2135 2136 2137 -2138 -2139 2140 2141 2142
v -2143 -2144 2145 -2146 -2147 2148 2149 -2150 -2151 -2152 2153 -2154 -2155
v -2156 -2157 -2158 2159 2160 -2161 2162 -2163 2164 2165 -2166 -2167 -2168
v 2169 -2170 -2171 -2172 -2173 -2174 2175 -2176 2177 2178 2179 2180 2181
v 2182 2183 2184 2185 2186 2187 2188 2189 2190 2191 2192 2193 2194 2195
v 2196 2197 2198 2199 2200 2201 2202 2203 2204 2205 2206 2207 2208 -2209
v -2210 -2211 2212 2213 -2214 -2215 2216 2217 -2218 -2219 -2220 2221 -2222
v 2223 2224 -2225 -2226 2227 2228 2229 -2230 2231 -2232 2233 2234 -2235
v 2236 2237 2238 2239 2240 2241 -2242 2243 -2244 -2245 2246 -2247 2248
v -2249 -2250 2251 2252 2253 -2254 -2255 2256 -2257 2258 -2259 -2260 2261
v -2262 2263 -2264 2265 -2266 2267 2268 -2269 -2270 -2271 -2272 -2273 2274
v 2275 -2276 -2277 2278 2279 2280 -2281 2282 2283 -2284 2285 -2286 2287
v 2288 2289 -2290 -2291 2292 -2293 2294 -2295 -2296 -2297 -2298 2299 -2300
v 2301 -2302 -2303 -2304 2305 2306 2307 2308 -2309 -2310 -2311 2312 2313
v 2314 -2315 2316 -2317 2318 -2319 2320 2321 2322 -2323 2324 2325 -2326
v 2327 -2328 2329 -2330 -2331 -2332 -2333 -2334 2335 -2336 -2337 -2338 2339
v -2340 -2341 2342 -2343 2344 -2345 -2346 2347 -2348 2349 2350 -2351 -2352
v -2353 2354 2355 -2356 -2357 2358 -2359 -2360 -2361 -2362 -2363 -2364 2365
v -2366 2367 2368 -2369 -2370 2371 -2372 2373 -2374 2375 2376 -2377 -2378
v -2379 2380 -2381 2382 -2383 2384 2385 2386 -2387 -2388 2389 2390 -2391
v 2392 -2393 2394 2395 -2396 2397 -2398 2399 -2400 -2401 2402 -2403 2404
v -2405 2406 -2407 2408 -2409 2410 -2411 2412 -2413 2414 -2415 2416 -2417
v 2418 -2419 2420 -2421 2422 -2423 2424 2425 2426 -2427 2428 -2429 2430
v -2431 2432 -2433 -2434 -2435 -2436 -2437 -2438 -2439 -2440 -2441 -2442
v -2443 -2444 -2445 -2446 -2447 -2448 -2449 -2450 -2451 -2452 -2453 -2454
v -2455 -2456 -2457 -2458 -2459 -2460 -2461 -2462 -2463 -2464 -2465 2466
v 2467 2468 2469 -2470 2471 -2472 2473 2474 2475 2476 2477 2478 2479 2480
v 2481 -2482 2483 2484 2485 -2486 2487 2488 2489 2490 2491 2492 -2493 2494
v -2495 -2496 -2497 2498 -2499 2500 2501 -2502 2503 -2504 -2505 2506 -2507
v 2508 -2509 -2510 2511 -2512 -2513 2514 -2515 -2516 -2517 2518 -2519 -2520
v 2521 -2522 2523 -2524 2525 -2526 -2527 2528 2529 -2530 -2531 2532 -2533
v -2534 -2535 2536 2537 -2538 -2539 2540 -2541 2542 2543 2544 2545 2546
v 2547 2548 2549 2550 2551 2552 -2553 -2554 -2555 2556 -2557 2558 -2559
v -2560 2561 2562 2563 2564 2565 2566 2567 2568 2569 2570 2571 2572 2573
v 2574 2575 2576 2577 2578 2579 2580 2581 2582 2583 2584 2585 2586 2587
v 2588 2589 2590 2591 2592 -2593 2594 2595 -2596 2597 -2598 2599 -2600 2601
v -2602 2603 2604 2605 2606 -2607 -2608 2609 -2610 2611 2612 -2613 -2614
v -2615 2616 -2617 -2618 -2619 2620 -2621 2622 -2623 -2624 -2625 -2626
v -2627 -2628 2629 -2630 -2631 -2632 -2633 2634 2635 2636 2637 -2638 -2639
v -2640 2641 -2642 -2643 2644 2645 -2646 -2647 -2648 2649 2650 -2651 2652
v -2653 2654 -2655 -2656 2657 -2658 -2659 2660 -2661 -2662 -2663 -2664 2665
v -2666 -2667 -2668 -2669 -2670 2671 -2672 2673 -2674 2675 -2676 2677 -2678
v 2679 -2680 -2681 -2682 -2683 -2684 -2685 -2686 -2687 -2688 -2689 -2690
v 2691 2692 2693 -2694 -2695 2696 2697 2698 -2699 2700 2701 2702 -2703 2704
v 2705 -2706 2707 -2708 -2709 -2710 2711 -2712 -2713 -2714 -2715 2716 2717
v -2718 2719 -2720 -2721 2722 2723 -2724 2725 2726 -2727 -2728 -2729 2730
v 2731 -2732 -2733 -2734 2735 -2736 -2737 -2738 2739 -2740 -2741 2742 2743
v -2744 2745 2746 2747 2748 -2749 2750 -2751 2752 2753 -2754 -2755 2756
v 2757 2758 2759 2760 2761 -2762 2763 2764 2765 2766 2767 2768 2769 2770
v 2771 2772 2773 2774 2775 2776 2777 -2778 -2779 2780 2781 2782 -2783 -2784
v -2785 2786 2787 2788 2789 -2790 2791 -2792 2793 2794 2795 2796 -2797 2798
v 2799 -2800 -2801 -2802 2803 -2804 2805 2806 2807 -2808 -2809 2810 2811
v 2812 -2813 2814 2815 2816 -2817 -2818 -2819 -2820 -2821 -2822 -2823 -2824
v -2825 -2826 -2827 -2828 -2829 -2830 -2831 -2832 -2833 -2834 -2835 -2836
v -2837 -2838 -2839 -2840 -2841 -2842 -2843 -2844 -2845 -2846 -2847 -2848
v -2849 2850 -2851 -2852 2853 2854 2855 2856 2857 -2858 -2859 2860 -2861
v 2862 2863 2864 2865 -2866 -2867 -2868 -2869 -2870 2871 2872 -2873 2874
v -2875 -2876 -2877 2878 2879 2880 -2881 2882 2883 2884 2885 2886 2887
v -2888 2889 -2890 2891 2892 2893 2894 2895 2896 -2897 -2898 -2899 2900
v -2901 -2902 2903 -2904 2905 -2906 -2907 2908 -2909 -2910 -2911 -2912 2913
v -2914 -2915 -2916 -2917 -2918 -2919 -2920 -2921 -2922 -2923 2924 -2925
v 2926 2927 2928 -2929 2930 2931 2932 -2933 -2934 2935 -2936 2937 2938
v -2939 2940 -2941 2942 -2943 2944 2945 2946 2947 2948 2949 2950 2951 2952
v 2953 2954 2955 2956 2957 2958 2959 2960 2961 2962 2963 2964 2965 2966
v 2967 2968 2969 2970 2971 2972 2973 2974 2975 2976 -2977 -2978 -2979 2980
v 2981 -2982 2983 -2984 -2985 -2986 -2987 2988 2989 2990 2991 -2992 2993
v -2994 2995 2996 2997 -2998 2999 3000 3001 3002 -3003 3004 3005 3006 -3007
v 3008 3009 3010 -3011 -3012 -3013 3014 -3015 3016 -3017 -3018 3019 3020
v 3021 -3022 -3023 3024 -3025 3026 -3027 -3028 3029 -3030 3031 -3032 3033
v -3034 3035 3036 -3037 -3038 -3039 -3040 3041 3042 3043 -3044 -3045 3046
v 3047 3048 -3049 3050 3051 -3052 3053 -3054 3055 -3056 3057 3058 -3059
v -3060 -3061 3062 -3063 -3064 3065 -3066 3067 -3068 3069 -3070 -3071 -3072
v -3073 -3074 -3075 -3076 -3077 3078 -3079 3080 3081 3082 -3083 -3084 3085
v -3086 3087 3088 -3089 3090 -3091 -3092 3093 -3094 3095 3096 -3097 -3098
v -3099 3100 3101 3102 -3103 3104 3105 3106 3107 -3108 3109 -3110 3111 3112
v -3113 -3114 -3115 3116 3117 3118 -3119 3120 3121 3122 3123 3124 3125
v -3126 3127 3128 3129 3130 -3131 3132 3133 -3134 3135 -3136 -3137 -3138
v 3139 3140 3141 -3142 -3143 3144 3145 3146 -3147 -3148 -3149 3150 -3151
v 3152 -3153 3154 3155 -3156 -3157 -3158 3159 -3160 -3161 -3162 3163 3164
v -3165 -3166 3167 3168 3169 -3170 3171 -3172 3173 -3174 3175 3176 3177
v 3178 3179 3180 -3181 -3182 -3183 -3184 -3185 3186 3187 -3188 -3189 -3190
v 3191 -3192 3193 -3194 -3195 3196 3197 3198 -3199 -3200 3201 -3202 3203
v 3204 -3205 -3206 3207 3208 3209 -3210 -3211 -3212 -3213 -3214 -3215 3216
v -3217 3218 3219 -3220 -3221 -3222 -3223 -3224 -3225 3226 -3227 3228 -3229
v -3230 3231 -3232 3233 3234 3235 3236 -3237 3238 3239 3240 -3241 3242
v -3243 3244 3245 -3246 -3247 3248 -3249 -3250 3251 -3252 -3253 -3254 -3255
v 3256 3257 -3258 3259 -3260 3261 -3262 -3263 -3264 3265 3266 -3267 -3268
v -3269 -3270 3271 -3272 -3273 -3274 -3275 3276 3277 -3278 -3279 -3280 3281
v -3282 -3283 -3284 3285 -3286 -3287 -3288 3289 3290 -3291 3292 -3293 -3294
v -3295 3296 3297 3298 3299 -3300 3301 -3302 3303 -3304 -3305 3306 -3307
v -3308 -3309 3310 -3311 3312 -3313 3314 3315 -3316 3317 3318 -3319 -3320
v 3321 3322 -3323 -3324 -3325 -3326 3327 -3328 3329 -3330 -3331 3332 3333
v 3334 3335 3336 3337 -3338 -3339 3340 -3341 3342 3343 3344 -3345 3346 3347
v 3348 -3349 -3350 -3351 3352 3353 3354 3355 -3356 -3357 -3358 -3359 -3360
v 3361 3362 3363 3364 -3365 -3366 -3367 3368 3369 -3370 3371 3372 -3373
v 3374 -3375 3376 3377 -3378 -3379 -3380 3381 -3382 3383 3384 3385 3386
v -3387 3388 -3389 3390 3391 -3392 3393 3394 -3395 3396 3397 3398 -3399
v -3400 3401 -3402 3403 -3404 3405 -3406 -3407 -3408 3409 3410 -3411 -3412
v 3413 3414 3415 -3416 -3417 -3418 -3419 -3420 3421 -3422 -3423 -3424 -3425
v -3426 -3427 3428 -3429 -3430 3431 3432 -3433 3434 3435 3436 3437 3438
v 3439 -3440 -3441 -3442 -3443 3444 3445 3446 -3447 -3448 3449 -3450 3451
v -3452 3453 3454 3455 3456 -3457 3458 3459 3460 -3461 -3462 3463 -3464
v 3465 3466 3467 -3468 -3469 3470 3471 3472 3473 -3474 -3475 3476 3477
v -3478 -3479 3480 3481 -3482 -3483 3484 3485 3486 3487 -3488 -3489 -3490
v -3491 3492 -3493 3494 -3495 -3496 -3497 -3498 -3499 3500 -3501 -3502 3503
v -3504 -3505 3506 -3507 3508 -3509 3510 -3511 -3512 3513 -3514 3515 -3516
v 3517 -3518 -3519 -3520 3521 3522 -3523 3524 -3525 -3526 3527 3528 3529
v -3530 -3531 -3532 3533 -3534 3535 -3536 3537 -3538 3539 -3540 3541 -3542
v -3543 -3544 3545 -3546 -3547 3548 3549 -3550 3551 -3552 3553 -3554 3555
v 3556 3557 3558 3559 -3560 3561 3562 3563 -3564 3565 -3566 -3567 -3568
v -3569 3570 -3571 3572 -3573 -3574 -3575 3576 -3577 3578 -3579 -3580 -3581
v -3582 -3583 -3584 -3585 3586 3587 -3588 3589 3590 3591 -3592 3593 -3594
v 3595 3596 -3597 -3598 3599 3600 -3601 -3602 -3603 3604 -3605 3606 -3607
v 3608 -3609 -3610 -3611 3612 -3613 3614 -3615 -3616 3617 -3618 -3619 3620
v -3621 3622 3623 -3624 -3625 3626 3627 3628 3629 -3630 -3631 -3632 3633
v -3634 -3635 3636 -3637 3638 3639 -3640 -3641 3642 -3643 -3644 3645 -3646
v 3647 -3648 3649 -3650 3651 -3652 -3653 -3654 -3655 3656 3657 -3658 3659
v -3660 -3661 3662 3663 3664 -3665 3666 3667 -3668 -3669 -3670 -3671 3672
v 3673 3674 -3675 3676 -3677 3678 -3679 3680 -3681 -3682 -3683 -3684 -3685
v -3686 -3687 3688 -3689 -3690 -3691 3692 3693 3694 -3695 3696 3697 -3698
v -3699 -3700 3701 -3702 -3703 -3704 3705 -3706 3707 3708 3709 3710 -3711
v 3712 -3713 -3714 -3715 3716 -3717 -3718 -3719 3720 -3721 -3722 3723 3724
v 3725 -3726 -3727 3728 3729 -3730 -3731 -3732 3733 3734 3735 3736 3737
v 3738 3739 -3740 -3741 -3742 -3743 -3744 -3745 -3746 3747 3748 3749 3750
v 3751 3752 -3753 -3754 -3755 3756 -3757 -3758 -3759 -3760 -3761 -3762 3763
v 3764 3765 3766 -3767 -3768 -3769 3770 3771 -3772 -3773 3774 -3775 -3776
v 3777 -3778 3779 3780 3781 -3782 3783 -3784 3785 3786 3787 3788 -3789
v -3790 -3791 -3792 -3793 -3794 3795 3796 3797 3798 -3799 3800 3801 3802
v -3803 -3804 -3805 3806 -3807 -3808 -3809 3810 3811 3812 3813 -3814 3815
v 3816 -3817 -3818 3819 -3820 3821 3822 -3823 3824 -3825 3826 -3827 3828
v 3829 -3830 -3831 -3832 -3833 -3834 -3835 -3836 -3837 3838 -3839 3840 3841
v 0
c 
c cleaning up after 111 rounds
c 
c 111 rounds, 3840 nodes (718 max), 24099 threads (10 max)
c 42958 avg clim, 42 incs, 62 decs, 7 forced, 19 simp
c 
c 2778.83 wall clock time, 26488.33 process time
c 95% utilization for 9 + 1 worker threads on 112 cores
c 
c started 2 additional parallel solver instances
c 279 units consumed 100% of 279 produced
c 3688 leaf clauses consumed 100% of 3688 produced
c 
c 265665047 conflicts, 95603 conflicts per second
c 285285522 decisions, 102664 decisions per second
c 12634040660 propagations, 4.5 million propagations per second
c 
c 3601 tree-based look-ahead 94% out of 3839 look-aheads
c 238 relevance based look-ahead 6% out of 3839 look-aheads
c 
c    3839  16% lookaheads         2.71 seconds    0%
c    3839  16% splits             0.82 seconds    0%
c    7955  33% simplifications  112.76 seconds    4%
c    8466  35% searches        2661.85 seconds   96%
c ======================================================
c   24099 100% scheduled jobs  2778.83 seconds, 233 MB
c 
c result 10
