we have arrived here
8
#Round: 2, #as =: 128, START:
Attack type: collision
Collision init mode: substitution
Run ID: 20260507_181017_2r_collision_substitution
New DC Verify Model Constructed:) var_num:3457, clause_num:20352
CNF has been saved to cons/collision_2round_w128_20260507_181017_2r_collision_substitution.cnf
Solve START: no.1
SAT solver type: parallel
SAT solver command: /home/hnli/sat-solvers/lingeling/treengeling -t 10 cons/collision_2round_w128_20260507_181017_2r_collision_substitution.cnf
solve cost: 76.201626 s
Find!
Check: 
Output has been saved to /home/hnli/xoodyak-collision/result/collision_2round_w128_20260507_181017_2r_collision_substitution_rightpair_no1.log
check cost: 2.611144 s
__________End____________
real 82.59
user 717.31
sys 5.23
