--------------------Print Solution Start-------------------------------
Value_in: 
0xc2884226 0xe1628421 0xd83568d1 0x0c323828
0x5174a852 0xd7e26341 0x02a31174 0x322521f9
0xb5b0ee9f 0xe92ec202 0xaec89e42 0xa65a166a
------
-------------------------Print Done :)--------------------------------
##############################################
A0: 
0xffffffff 0x00000000 0x00000000 0x00000000
0x00000000 0x00000000 0x00000000 0x00000000
0x00000000 0x00000000 0x00000000 0x00000000
------
##############################################
input Value_in state at round 0: 
0xc2884226 0xe1628421 0xd83568d1 0x0c323828
0x5174a852 0xd7e26341 0x02a31174 0x322521f9
0xb5b0ee9f 0xe92ec202 0xaec89e42 0xa65a166a
------
##############################################
input Value_out  state at round 0: 
0x3d77bdd9 0xe1628421 0xd83568d1 0x0c323828
0x5174a852 0xd7e26341 0x02a31174 0x322521f9
0xb5b0ee9f 0xe92ec202 0xaec89e42 0xa65a166a
------
start round function
##############################################
D0: 
0xffffffff 0x00000000 0x00000000 0x00000000
0x00000000 0x00000000 0x00000000 0x00000000
0x00000000 0x00000000 0x00000000 0x00000000
------
##############################################
Value_in0^S: 
0x7738ace1 0x8d5cd0da 0x048ef361 0xbf978df2
0x00000000 0x1273e9e0 0x1fd856d7 0x783c0b94
0xffffffff 0xb694802c 0xbf7f9204 0xb9949ea7
------
##############################################
Value_out0^S: 
0x88c7531e 0x8d5cd0da 0x048ef361 0xbf978df2
0x00000000 0x1273e9e0 0x1fd856d7 0x783c0b94
0xffffffff 0xb694802c 0xbf7f9204 0xb9949ea7
------
##############################################
A1: 
0xffffffff 0x00000000 0x00000000 0x00000000
0x00000000 0x00000000 0x00000000 0x00000000
0x00000000 0x00000000 0x00000000 0x00000000
------
##############################################
Value_in1: 
0x7738ace1 0x8d5cd0da 0x048ef361 0xbf978df2
0x00000000 0x24e7d3c0 0x3fb0adae 0xf0781728
0x7f9204bf 0x949ea7b9 0xffffffff 0x94802cb6
------
##############################################
Value_out1: 
0x88c7531e 0x8d5cd0da 0x048ef361 0xbf978df2
0x00000000 0x24e7d3c0 0x3fb0adae 0xf0781728
0x7f9204bf 0x949ea7b9 0xffffffff 0x94802cb6
------
##############################################
D1: 
0xffffffff 0x00000000 0x00000000 0x00000000
0x00000000 0x00000000 0x00000000 0x00000000
0x00000000 0x00000000 0x00000000 0x00000000
------
##############################################
Value_in1^S: 
0x08aaa866 0x530c592f 0xcd1029df 0x4e3f9bfd
0x00000000 0x9261b361 0x5bb57a67 0xfc0ffe58
0xffffffff 0x6113331e 0x0f83dbb3 0x71dc9727
------
##############################################
Value_out1^S: 
0xf7555799 0x530c592f 0xcd1029df 0x4e3f9bfd
0x00000000 0x9261b361 0x5bb57a67 0xfc0ffe58
0xffffffff 0x6113331e 0x0f83dbb3 0x71dc9727
------
##############################################
A2: 
0xffffffff 0x00000000 0x00000000 0x00000000
0x00000000 0x00000000 0x00000000 0x00000000
0x00000000 0x00000000 0x00000000 0x00000000
------
##############################################
Value_in2: 
0x08aaa866 0x530c592f 0xcd1029df 0x4e3f9bfd
0x00000000 0x24c366c3 0xb76af4ce 0xf81ffcb1
0x83dbb30f 0xdc972771 0xffffffff 0x13331e61
------
##############################################
Value_out2: 
0xf7555799 0x530c592f 0xcd1029df 0x4e3f9bfd
0x00000000 0x24c366c3 0xb76af4ce 0xf81ffcb1
0x83dbb30f 0xdc972771 0xffffffff 0x13331e61
------
##############################################
D2: 
0xffffffff 0x00000000 0x00000000 0x00000000
0x00000000 0x00000000 0x00000000 0x00000000
0x00000000 0x00000000 0x00000000 0x00000000
------
##############################################
Value_in2^S: 
0x8b7118a9 0x7ab5f5c1 0x7030d42c 0x9330651c
0x00000000 0x76955cb0 0x2c3a7906 0x4a6eeda9
0xffffffff 0x7544ef93 0xd03ecd94 0x2f580ff8
------
##############################################
Value_out2^S: 
0x748ee756 0x7ab5f5c1 0x7030d42c 0x9330651c
0x00000000 0x76955cb0 0x2c3a7906 0x4a6eeda9
0xffffffff 0x7544ef93 0xd03ecd94 0x2f580ff8
------
Find right pair!
