--------------------Print Solution Start-------------------------------
Value_in: 
0x415babd7 0x11a6de3a 0xffffffff 0xabaaaaaa
0x00000001 0x00000000 0x00000000 0x00000000
0x00000000 0x00000000 0x00000000 0x01000000
------
-------------------------Print Done :)--------------------------------
##############################################
A0: 
0xffffffff 0x00000000 0x00000000 0x00000000
0x00000000 0x00000000 0x00000000 0x00000000
0x00000000 0x00000000 0x00000000 0x00000000
------
##############################################
input Value_in state at round 0: 
0x415babd7 0x11a6de3a 0xffffffff 0xabaaaaaa
0x00000001 0x00000000 0x00000000 0x00000000
0x00000000 0x00000000 0x00000000 0x01000000
------
##############################################
input Value_out  state at round 0: 
0xbea45428 0x11a6de3a 0xffffffff 0xabaaaaaa
0x00000001 0x00000000 0x00000000 0x00000000
0x00000000 0x00000000 0x00000000 0x01000000
------
start round function
##############################################
D0: 
0xffffffff 0x00000000 0x00000000 0x00000000
0x00000000 0x00000000 0x00000000 0x00000000
0x00000000 0x00000000 0x00000000 0x00000000
------
##############################################
Value_in0^S: 
0x415bab8f 0xd02634a4 0x56b3a8d4 0xabaaaaaa
0x00000000 0x2fddff5e 0x95224a5a 0x28ffe989
0xffffffff 0x288d3d56 0x2b191e10 0x00554109
------
##############################################
Value_out0^S: 
0xbea45470 0xd02634a4 0x56b3a8d4 0xabaaaaaa
0x00000000 0x2fddff5e 0x95224a5a 0x28ffe989
0xffffffff 0x288d3d56 0x2b191e10 0x00554109
------
##############################################
A1: 
0xffffffff 0x00000000 0x00000000 0x00000000
0x00000000 0x00000000 0x00000000 0x00000000
0x00000000 0x00000000 0x00000000 0x00000000
------
##############################################
Value_in1: 
0x415bab8f 0xd02634a4 0x56b3a8d4 0xabaaaaaa
0x00000000 0x5fbbfebc 0x2a4494b5 0x51ffd312
0x191e102b 0x55410900 0xffffffff 0x8d3d5628
------
##############################################
Value_out1: 
0xbea45470 0xd02634a4 0x56b3a8d4 0xabaaaaaa
0x00000000 0x5fbbfebc 0x2a4494b5 0x51ffd312
0x191e102b 0x55410900 0xffffffff 0x8d3d5628
------
##############################################
D1: 
0xffffffff 0x00000000 0x00000000 0x00000000
0x00000000 0x00000000 0x00000000 0x00000000
0x00000000 0x00000000 0x00000000 0x00000000
------
##############################################
Value_in1^S: 
0x5845bb9c 0xaf644636 0x39fffdf9 0xee746f5e
0x00000000 0xe2c1e9f2 0x0948fd7e 0xab4ee801
0xffffffff 0xbbdd7858 0x0d529ca3 0x152356e7
------
##############################################
Value_out1^S: 
0xa7ba4463 0xaf644636 0x39fffdf9 0xee746f5e
0x00000000 0xe2c1e9f2 0x0948fd7e 0xab4ee801
0xffffffff 0xbbdd7858 0x0d529ca3 0x152356e7
------
Find right pair!
