--------------------Print Solution Start-------------------------------
Value_in: 
0x53c2dc1b 0x6529ab6b 0x07dbcd48 0xb88e8991
0x72517acb 0x9aa3d882 0x3389735d 0x053ba99d
0x36bb1822 0x77feebee 0xb6e7f05c 0xe9e82b9a
------
-------------------------Print Done :)--------------------------------
##############################################
A0: 
0xffffffff 0x00000000 0x00000000 0x00000000
0x00000000 0x00000000 0x00000000 0x00000000
0x00000000 0x00000000 0x00000000 0x00000000
------
##############################################
input Value_in state at round 0: 
0x53c2dc1b 0x6529ab6b 0x07dbcd48 0xb88e8991
0x72517acb 0x9aa3d882 0x3389735d 0x053ba99d
0x36bb1822 0x77feebee 0xb6e7f05c 0xe9e82b9a
------
##############################################
input Value_out  state at round 0: 
0xac3d23e4 0x6529ab6b 0x07dbcd48 0xb88e8991
0x72517acb 0x9aa3d882 0x3389735d 0x053ba99d
0x36bb1822 0x77feebee 0xb6e7f05c 0xe9e82b9a
------
start round function
##############################################
D0: 
0xffffffff 0x00000000 0x00000000 0x00000000
0x00000000 0x00000000 0x00000000 0x00000000
0x00000000 0x00000000 0x00000000 0x00000000
------
##############################################
Value_in0^S: 
0x6579c461 0xab00d00b 0x87dc2b55 0x39b50e4a
0x00000000 0xb9155d17 0x5740a80e 0x3abe91b9
0xffffffff 0xbd9638fe 0xf89504f9 0x9e1aaed7
------
##############################################
Value_out0^S: 
0x9a863b9e 0xab00d00b 0x87dc2b55 0x39b50e4a
0x00000000 0xb9155d17 0x5740a80e 0x3abe91b9
0xffffffff 0xbd9638fe 0xf89504f9 0x9e1aaed7
------
##############################################
A1: 
0xffffffff 0x00000000 0x00000000 0x00000000
0x00000000 0x00000000 0x00000000 0x00000000
0x00000000 0x00000000 0x00000000 0x00000000
------
##############################################
Value_in1: 
0x6579c461 0xab00d00b 0x87dc2b55 0x39b50e4a
0x00000000 0x722aba2f 0xae81501c 0x757d2372
0x9504f9f8 0x1aaed79e 0xffffffff 0x9638febd
------
##############################################
Value_out1: 
0x9a863b9e 0xab00d00b 0x87dc2b55 0x39b50e4a
0x00000000 0x722aba2f 0xae81501c 0x757d2372
0x9504f9f8 0x1aaed79e 0xffffffff 0x9638febd
------
##############################################
D1: 
0xffffffff 0x00000000 0x00000000 0x00000000
0x00000000 0x00000000 0x00000000 0x00000000
0x00000000 0x00000000 0x00000000 0x00000000
------
##############################################
Value_in1^S: 
0xf07d3da1 0xfbc5e7fa 0xdd252cec 0x424e0522
0x00000000 0xe9fb032f 0xface7de2 0xb1785785
0xffffffff 0x78fffad6 0x15086402 0x9fde2d9f
------
##############################################
Value_out1^S: 
0x0f82c25e 0xfbc5e7fa 0xdd252cec 0x424e0522
0x00000000 0xe9fb032f 0xface7de2 0xb1785785
0xffffffff 0x78fffad6 0x15086402 0x9fde2d9f
------
##############################################
A2: 
0xffffffff 0x00000000 0x00000000 0x00000000
0x00000000 0x00000000 0x00000000 0x00000000
0x00000000 0x00000000 0x00000000 0x00000000
------
##############################################
Value_in2: 
0xf07d3da1 0xfbc5e7fa 0xdd252cec 0x424e0522
0x00000000 0xd3f6065f 0xf59cfbc5 0x62f0af0b
0x08640215 0xde2d9f9f 0xffffffff 0xfffad678
------
##############################################
Value_out2: 
0x0f82c25e 0xfbc5e7fa 0xdd252cec 0x424e0522
0x00000000 0xd3f6065f 0xf59cfbc5 0x62f0af0b
0x08640215 0xde2d9f9f 0xffffffff 0xfffad678
------
##############################################
D2: 
0xffffffff 0x00000000 0x00000000 0x00000000
0x00000000 0x00000000 0x00000000 0x00000000
0x00000000 0x00000000 0x00000000 0x00000000
------
##############################################
Value_in2^S: 
0xf8193c74 0xbf2f2f76 0xe165672c 0x72bcb6c9
0x00000000 0x729cf68a 0x9e788ce6 0x89e9a31d
0xffffffff 0x7a28e41f 0xea31bddf 0xda8a9dfc
------
##############################################
Value_out2^S: 
0x07e6c38b 0xbf2f2f76 0xe165672c 0x72bcb6c9
0x00000000 0x729cf68a 0x9e788ce6 0x89e9a31d
0xffffffff 0x7a28e41f 0xea31bddf 0xda8a9dfc
------
Find right pair!
