--------------------Print Solution Start-------------------------------
Value_in: 
0x2854a4be 
0x3adea611 
0xffffffff 
0xaaaaaaab 
0x01000000 
0x00000000 
0x00000000 
0x00000000 
0x00000000 
0x00000000 
0x00000000 
0x00000001 
------
-------------------------Print Done :)--------------------------------
##############################################
A0: 
0xffffffff 
0x00000000 
0x00000000 
0x00000000 
0x00000000 
0x00000000 
0x00000000 
0x00000000 
0x00000000 
0x00000000 
0x00000000 
0x00000000 
------
##############################################
input Value_in state at round 0: 
0x2854a4be 
0x3adea611 
0xffffffff 
0xaaaaaaab 
0x01000000 
0x00000000 
0x00000000 
0x00000000 
0x00000000 
0x00000000 
0x00000000 
0x00000001 
------
##############################################
input Value_out  state at round 0: 
0xd7ab5b41 
0x3adea611 
0xffffffff 
0xaaaaaaab 
0x01000000 
0x00000000 
0x00000000 
0x00000000 
0x00000000 
0x00000000 
0x00000000 
0x00000001 
------
start round function
##############################################
D0: 
0xffffffff 
0x00000000 
0x00000000 
0x00000000 
0x00000000 
0x00000000 
0x00000000 
0x00000000 
0x00000000 
0x00000000 
0x00000000 
0x00000000 
------
##############################################
Value_in0^S: 
0x7054a4be 
0xa43426d0 
0xd4a8b356 
0xaaaaaaab 
0x00000000 
0x5effdd2f 
0x5a4a2295 
0x89e9ff28 
0xffffffff 
0x563d8d28 
0x101e192b 
0x09415500 
------
##############################################
Value_out0^S: 
0x8fab5b41 
0xa43426d0 
0xd4a8b356 
0xaaaaaaab 
0x00000000 
0x5effdd2f 
0x5a4a2295 
0x89e9ff28 
0xffffffff 
0x563d8d28 
0x101e192b 
0x09415500 
------
##############################################
A1: 
0xffffffff 
0x00000000 
0x00000000 
0x00000000 
0x00000000 
0x00000000 
0x00000000 
0x00000000 
0x00000000 
0x00000000 
0x00000000 
0x00000000 
------
##############################################
Value_in1: 
0x7054a4be 
0xa43426d0 
0xd4a8b356 
0xaaaaaaab 
0x00000000 
0xbcfebb5f 
0xb594442a 
0x12d3ff51 
0x2b101e19 
0x00094155 
0xffffffff 
0x28563d8d 
------
##############################################
Value_out1: 
0x8fab5b41 
0xa43426d0 
0xd4a8b356 
0xaaaaaaab 
0x00000000 
0xbcfebb5f 
0xb594442a 
0x12d3ff51 
0x2b101e19 
0x00094155 
0xffffffff 
0x28563d8d 
------
##############################################
D1: 
0xffffffff 
0x00000000 
0x00000000 
0x00000000 
0x00000000 
0x00000000 
0x00000000 
0x00000000 
0x00000000 
0x00000000 
0x00000000 
0x00000000 
------
##############################################
Value_in1^S: 
0x6344baa7 
0x364664af 
0xf9fdff39 
0x5e6f74ee 
0x00000000 
0xf2e9c1e2 
0x7efd4809 
0x01e84eab 
0xffffffff 
0x5878ddbb 
0xa39c520d 
0xe7562315 
------
##############################################
Value_out1^S: 
0x9cbb4558 
0x364664af 
0xf9fdff39 
0x5e6f74ee 
0x00000000 
0xf2e9c1e2 
0x7efd4809 
0x01e84eab 
0xffffffff 
0x5878ddbb 
0xa39c520d 
0xe7562315 
------
Find right pair!